d:\github\larvaengine\obj\x64\debug\vc143.pdb
d:\github\larvaengine\obj\x64\debug\vc143.idb
d:\github\larvaengine\obj\x64\debug\src\audio\audiosystem.obj
d:\github\larvaengine\obj\x64\debug\src\audio\soundevent.obj
d:\github\larvaengine\obj\x64\debug\src\components\ai\aicompoennt.obj
d:\github\larvaengine\obj\x64\debug\src\components\ai\aistate.obj
d:\github\larvaengine\obj\x64\debug\src\components\camera\cameracomponent.obj
d:\github\larvaengine\obj\x64\debug\src\components\camera\followcameracomponent.obj
d:\github\larvaengine\obj\x64\debug\src\components\tilemapcomponent.obj
d:\github\larvaengine\obj\x64\debug\src\core\component.obj
d:\github\larvaengine\obj\x64\debug\src\core\events\input.obj
d:\github\larvaengine\obj\x64\debug\src\core\frame.obj
d:\github\larvaengine\obj\x64\debug\src\core\resources\texture.obj
d:\github\larvaengine\obj\x64\debug\src\core\resources\tilemap.obj
d:\github\larvaengine\obj\x64\debug\src\core\scene.obj
d:\github\larvaengine\obj\x64\debug\src\core\subscene.obj
d:\github\larvaengine\obj\x64\debug\src\core\utilities\math.obj
d:\github\larvaengine\obj\x64\debug\src\gameobjects\background.obj
d:\github\larvaengine\obj\x64\debug\src\gameobjects\ui\button.obj
d:\github\larvaengine\obj\x64\debug\src\gameobjects\ui\datatext.obj
d:\github\larvaengine\obj\x64\debug\src\gameobjects\ui\text.obj
d:\github\larvaengine\obj\x64\debug\src\physics\collision2d.obj
d:\github\larvaengine\obj\x64\debug\src\renderer\shader.obj
d:\github\larvaengine\obj\x64\debug\src\renderer\vertexarray.obj
d:\github\larvaengine\obj\x64\debug\src\scenes\game\title\playsubscene.obj
d:\github\larvaengine\obj\x64\debug\src\scenes\game\title\titlescene.obj
d:\github\larvaengine\obj\x64\debug\src\scenes\ui\titleui.obj
d:\github\larvaengine\obj\x64\debug\src\components\draw\animationcomponent.obj
d:\github\larvaengine\obj\x64\debug\src\gameobjects\particle.obj
d:\github\larvaengine\obj\x64\debug\src\scenes\game\test\playsubscene.obj
d:\github\larvaengine\obj\x64\debug\src\components\audio\audiocomponent.obj
d:\github\larvaengine\obj\x64\debug\src\components\draw\debugdrawcomponent.obj
d:\github\larvaengine\obj\x64\debug\src\components\draw\spritecomponent.obj
d:\github\larvaengine\obj\x64\debug\src\components\draw\textcomponent.obj
d:\github\larvaengine\obj\x64\debug\src\components\light\lightcomponent.obj
d:\github\larvaengine\obj\x64\debug\src\components\physics\boxcomponent2d.obj
d:\github\larvaengine\obj\x64\debug\src\components\physics\moveinputcomponent.obj
d:\github\larvaengine\obj\x64\debug\src\components\physics\rigidbodycomponent.obj
d:\github\larvaengine\obj\x64\debug\src\core\game.obj
d:\github\larvaengine\obj\x64\debug\src\core\gameobject.obj
d:\github\larvaengine\obj\x64\debug\src\core\main.obj
d:\github\larvaengine\obj\x64\debug\src\core\uiscene.obj
d:\github\larvaengine\obj\x64\debug\src\gameobjects\camera.obj
d:\github\larvaengine\obj\x64\debug\src\gameobjects\player.obj
d:\github\larvaengine\obj\x64\debug\src\gameobjects\tilemapobject.obj
d:\github\larvaengine\obj\x64\debug\src\physics\physworld2d.obj
d:\github\larvaengine\obj\x64\debug\src\renderer\renderer.obj
d:\github\larvaengine\obj\x64\debug\src\scenes\game\test\testscene.obj
d:\github\larvaengine\obj\x64\debug\src\scenes\ui\pausemenu.obj
d:\github\larvaengine\obj\x64\debug\src\core\mainscene.obj
d:\github\larvaengine\obj\x64\debug\src\scenes\ui\hud.obj
d:\github\larvaengine\obj\x64\debug\src\core\resources\font.obj
d:\github\larvaengine\obj\x64\debug\src\core\scenemanager.obj
d:\github\larvaengine\binx64\debug\glew32d.dll
d:\github\larvaengine\bin\x64\debug\glew32d.dll
d:\github\larvaengine\bin\x64\debug\larvaengine.exe
d:\github\larvaengine\bin\x64\debug\larvaengine.pdb
d:\github\larvaengine\obj\x64\debug\larvaengine.ilk
d:\github\larvaengine\obj\x64\debug\larvaengine.vcxproj.filelistabsolute.txt
d:\github\larvaengine\obj\x64\debug\larvaengine.tlog\cl.command.1.tlog
d:\github\larvaengine\obj\x64\debug\larvaengine.tlog\cl.items.tlog
d:\github\larvaengine\obj\x64\debug\larvaengine.tlog\cl.read.1.tlog
d:\github\larvaengine\obj\x64\debug\larvaengine.tlog\cl.write.1.tlog
d:\github\larvaengine\obj\x64\debug\larvaengine.tlog\larvaengine.write.1u.tlog
d:\github\larvaengine\obj\x64\debug\larvaengine.tlog\link.command.1.tlog
d:\github\larvaengine\obj\x64\debug\larvaengine.tlog\link.read.1.tlog
d:\github\larvaengine\obj\x64\debug\larvaengine.tlog\link.secondary.1.tlog
d:\github\larvaengine\obj\x64\debug\larvaengine.tlog\link.write.1.tlog
