  GameMainScene.cpp
D:\Github\LarvaEngine\include\LarvaEngine\Core\Utilities\Math.h(411,29): warning C4244: '引数': 'int' から 'float' への変換です。データが失われる可能性があります。
  (ソース ファイル 'src/Examples/Game/2DScroll/GameMainScene.cpp' をコンパイルしています)
  
  AudioSystem.cpp
D:\Github\LarvaEngine\include\LarvaEngine\Core\Utilities\Math.h(411,29): warning C4244: '引数': 'int' から 'float' への変換です。データが失われる可能性があります。
  (ソース ファイル 'src/Audio/AudioSystem.cpp' をコンパイルしています)
  
  SoundEvent.cpp
D:\Github\LarvaEngine\include\LarvaEngine\Core\Utilities\Math.h(69,14): warning C4244: 'return': 'double' から 'float' への変換です。データが失われる可能性があります。
  (ソース ファイル 'src/Audio/SoundEvent.cpp' をコンパイルしています)
  
D:\Github\LarvaEngine\include\LarvaEngine\Core\Utilities\Math.h(114,15): warning C4244: 'return': 'double' から 'float' への変換です。データが失われる可能性があります。
  (ソース ファイル 'src/Audio/SoundEvent.cpp' をコンパイルしています)
  
D:\Github\LarvaEngine\include\LarvaEngine\Core\Utilities\Math.h(411,29): warning C4244: '引数': 'int' から 'float' への変換です。データが失われる可能性があります。
  (ソース ファイル 'src/Audio/SoundEvent.cpp' をコンパイルしています)
  
  AICompoennt.cpp
  AIState.cpp
  AudioComponent.cpp
D:\Github\LarvaEngine\include\LarvaEngine\Core\Utilities\Math.h(411,29): warning C4244: '引数': 'int' から 'float' への変換です。データが失われる可能性があります。
  (ソース ファイル 'src/Components/Audio/AudioComponent.cpp' をコンパイルしています)
  
  CameraComponent.cpp
D:\Github\LarvaEngine\include\LarvaEngine\Core\Utilities\Math.h(69,14): warning C4244: 'return': 'double' から 'float' への変換です。データが失われる可能性があります。
  (ソース ファイル 'src/Components/Camera/CameraComponent.cpp' をコンパイルしています)
  
D:\Github\LarvaEngine\include\LarvaEngine\Core\Utilities\Math.h(114,15): warning C4244: 'return': 'double' から 'float' への変換です。データが失われる可能性があります。
  (ソース ファイル 'src/Components/Camera/CameraComponent.cpp' をコンパイルしています)
  
D:\Github\LarvaEngine\include\LarvaEngine\Core\Utilities\Math.h(411,29): warning C4244: '引数': 'int' から 'float' への変換です。データが失われる可能性があります。
  (ソース ファイル 'src/Components/Camera/CameraComponent.cpp' をコンパイルしています)
  
D:\Github\LarvaEngine\src\Components\Camera\CameraComponent.cpp(34,85): warning C4244: '引数': 'int' から 'float' への変換です。データが失われる可能性があります。
D:\Github\LarvaEngine\src\Components\Camera\CameraComponent.cpp(34,62): warning C4244: '引数': 'int' から 'float' への変換です。データが失われる可能性があります。
  FollowCameraComponent.cpp
D:\Github\LarvaEngine\include\LarvaEngine\Core\Utilities\Math.h(69,14): warning C4244: 'return': 'double' から 'float' への変換です。データが失われる可能性があります。
  (ソース ファイル 'src/Components/Camera/FollowCameraComponent.cpp' をコンパイルしています)
  
D:\Github\LarvaEngine\include\LarvaEngine\Core\Utilities\Math.h(114,15): warning C4244: 'return': 'double' から 'float' への変換です。データが失われる可能性があります。
  (ソース ファイル 'src/Components/Camera/FollowCameraComponent.cpp' をコンパイルしています)
  
D:\Github\LarvaEngine\include\LarvaEngine\Core\Utilities\Math.h(411,29): warning C4244: '引数': 'int' から 'float' への変換です。データが失われる可能性があります。
  (ソース ファイル 'src/Components/Camera/FollowCameraComponent.cpp' をコンパイルしています)
  
D:\Github\LarvaEngine\include\LarvaEngine\Core\GameObject.h(144,1): warning C4172: ローカル変数またはテンポラリのアドレスを返します
  AnimationComponent.cpp
D:\Github\LarvaEngine\include\LarvaEngine\Core\Utilities\Math.h(69,14): warning C4244: 'return': 'double' から 'float' への変換です。データが失われる可能性があります。
  (ソース ファイル 'src/Components/Draw/AnimationComponent.cpp' をコンパイルしています)
  
D:\Github\LarvaEngine\include\LarvaEngine\Core\Utilities\Math.h(114,15): warning C4244: 'return': 'double' から 'float' への変換です。データが失われる可能性があります。
  (ソース ファイル 'src/Components/Draw/AnimationComponent.cpp' をコンパイルしています)
  
D:\Github\LarvaEngine\include\LarvaEngine\Core\Utilities\Math.h(411,29): warning C4244: '引数': 'int' から 'float' への変換です。データが失われる可能性があります。
  (ソース ファイル 'src/Components/Draw/AnimationComponent.cpp' をコンパイルしています)
  
D:\Github\LarvaEngine\src\Components\Draw\AnimationComponent.cpp(29,86): warning C4267: '=': 'size_t' から 'int' に変換しました。データが失われているかもしれません。
  DebugDrawComponent.cpp
D:\Github\LarvaEngine\include\LarvaEngine\Core\Utilities\Math.h(69,14): warning C4244: 'return': 'double' から 'float' への変換です。データが失われる可能性があります。
  (ソース ファイル 'src/Components/Draw/DebugDrawComponent.cpp' をコンパイルしています)
  
D:\Github\LarvaEngine\include\LarvaEngine\Core\Utilities\Math.h(114,15): warning C4244: 'return': 'double' から 'float' への変換です。データが失われる可能性があります。
  (ソース ファイル 'src/Components/Draw/DebugDrawComponent.cpp' をコンパイルしています)
  
D:\Github\LarvaEngine\include\LarvaEngine\Core\Utilities\Math.h(411,29): warning C4244: '引数': 'int' から 'float' への変換です。データが失われる可能性があります。
  (ソース ファイル 'src/Components/Draw/DebugDrawComponent.cpp' をコンパイルしています)
  
  SpriteComponent.cpp
D:\Github\LarvaEngine\include\LarvaEngine\Core\Utilities\Math.h(69,14): warning C4244: 'return': 'double' から 'float' への変換です。データが失われる可能性があります。
  (ソース ファイル 'src/Components/Draw/SpriteComponent.cpp' をコンパイルしています)
  
D:\Github\LarvaEngine\include\LarvaEngine\Core\Utilities\Math.h(114,15): warning C4244: 'return': 'double' から 'float' への変換です。データが失われる可能性があります。
  (ソース ファイル 'src/Components/Draw/SpriteComponent.cpp' をコンパイルしています)
  
D:\Github\LarvaEngine\include\LarvaEngine\Core\Utilities\Math.h(411,29): warning C4244: '引数': 'int' から 'float' への変換です。データが失われる可能性があります。
  (ソース ファイル 'src/Components/Draw/SpriteComponent.cpp' をコンパイルしています)
  
D:\Github\LarvaEngine\src\Components\Draw\SpriteComponent.cpp(17,16): warning C4244: '初期化中': 'float' から 'int' への変換です。データが失われる可能性があります。
D:\Github\LarvaEngine\src\Components\Draw\SpriteComponent.cpp(18,17): warning C4244: '初期化中': 'float' から 'int' への変換です。データが失われる可能性があります。
  TextComponent.cpp
D:\Github\LarvaEngine\include\LarvaEngine\Core\Utilities\Math.h(69,14): warning C4244: 'return': 'double' から 'float' への変換です。データが失われる可能性があります。
  (ソース ファイル 'src/Components/Draw/TextComponent.cpp' をコンパイルしています)
  
D:\Github\LarvaEngine\include\LarvaEngine\Core\Utilities\Math.h(114,15): warning C4244: 'return': 'double' から 'float' への変換です。データが失われる可能性があります。
  (ソース ファイル 'src/Components/Draw/TextComponent.cpp' をコンパイルしています)
  
D:\Github\LarvaEngine\include\LarvaEngine\Core\Utilities\Math.h(411,29): warning C4244: '引数': 'int' から 'float' への変換です。データが失われる可能性があります。
  (ソース ファイル 'src/Components/Draw/TextComponent.cpp' をコンパイルしています)
  
  LightComponent.cpp
D:\Github\LarvaEngine\include\LarvaEngine\Core\Utilities\Math.h(69,14): warning C4244: 'return': 'double' から 'float' への変換です。データが失われる可能性があります。
  (ソース ファイル 'src/Components/Light/LightComponent.cpp' をコンパイルしています)
  
D:\Github\LarvaEngine\include\LarvaEngine\Core\Utilities\Math.h(114,15): warning C4244: 'return': 'double' から 'float' への変換です。データが失われる可能性があります。
  (ソース ファイル 'src/Components/Light/LightComponent.cpp' をコンパイルしています)
  
D:\Github\LarvaEngine\include\LarvaEngine\Core\Utilities\Math.h(411,29): warning C4244: '引数': 'int' から 'float' への変換です。データが失われる可能性があります。
  (ソース ファイル 'src/Components/Light/LightComponent.cpp' をコンパイルしています)
  
  BoxComponent2D.cpp
D:\Github\LarvaEngine\include\LarvaEngine\Core\Utilities\Math.h(69,14): warning C4244: 'return': 'double' から 'float' への変換です。データが失われる可能性があります。
  (ソース ファイル 'src/Components/Physics/BoxComponent2D.cpp' をコンパイルしています)
  
D:\Github\LarvaEngine\include\LarvaEngine\Core\Utilities\Math.h(114,15): warning C4244: 'return': 'double' から 'float' への変換です。データが失われる可能性があります。
  (ソース ファイル 'src/Components/Physics/BoxComponent2D.cpp' をコンパイルしています)
  
D:\Github\LarvaEngine\include\LarvaEngine\Core\Utilities\Math.h(411,29): warning C4244: '引数': 'int' から 'float' への変換です。データが失われる可能性があります。
  (ソース ファイル 'src/Components/Physics/BoxComponent2D.cpp' をコンパイルしています)
  
D:\Github\LarvaEngine\src\Components\Physics\BoxComponent2D.cpp(34,33): warning C4244: '引数': 'float' から 'int' への変換です。データが失われる可能性があります。
D:\Github\LarvaEngine\src\Components\Physics\BoxComponent2D.cpp(35,33): warning C4244: '引数': 'float' から 'int' への変換です。データが失われる可能性があります。
  MoveInputComponent.cpp
D:\Github\LarvaEngine\include\LarvaEngine\Core\Utilities\Math.h(69,14): warning C4244: 'return': 'double' から 'float' への変換です。データが失われる可能性があります。
  (ソース ファイル 'src/Components/Physics/MoveInputComponent.cpp' をコンパイルしています)
  
D:\Github\LarvaEngine\include\LarvaEngine\Core\Utilities\Math.h(114,15): warning C4244: 'return': 'double' から 'float' への変換です。データが失われる可能性があります。
  (ソース ファイル 'src/Components/Physics/MoveInputComponent.cpp' をコンパイルしています)
  
D:\Github\LarvaEngine\include\LarvaEngine\Core\Utilities\Math.h(411,29): warning C4244: '引数': 'int' から 'float' への変換です。データが失われる可能性があります。
  (ソース ファイル 'src/Components/Physics/MoveInputComponent.cpp' をコンパイルしています)
  
D:\Github\LarvaEngine\src\Components\Physics\MoveInputComponent.cpp(55,62): warning C4244: '引数': 'float' から 'int' への変換です。データが失われる可能性があります。
D:\Github\LarvaEngine\src\Components\Physics\MoveInputComponent.cpp(55,56): warning C4244: '引数': 'float' から 'int' への変換です。データが失われる可能性があります。
D:\Github\LarvaEngine\src\Components\Physics\MoveInputComponent.cpp(56,52): warning C4244: '引数': 'float' から 'int' への変換です。データが失われる可能性があります。
  RigidbodyComponent.cpp
D:\Github\LarvaEngine\include\LarvaEngine\Core\Utilities\Math.h(69,14): warning C4244: 'return': 'double' から 'float' への変換です。データが失われる可能性があります。
  (ソース ファイル 'src/Components/Physics/RigidbodyComponent.cpp' をコンパイルしています)
  
D:\Github\LarvaEngine\include\LarvaEngine\Core\Utilities\Math.h(114,15): warning C4244: 'return': 'double' から 'float' への変換です。データが失われる可能性があります。
  (ソース ファイル 'src/Components/Physics/RigidbodyComponent.cpp' をコンパイルしています)
  
D:\Github\LarvaEngine\include\LarvaEngine\Core\Utilities\Math.h(411,29): warning C4244: '引数': 'int' から 'float' への変換です。データが失われる可能性があります。
  (ソース ファイル 'src/Components/Physics/RigidbodyComponent.cpp' をコンパイルしています)
  
D:\Github\LarvaEngine\include\LarvaEngine\Core\FrameSystem.h(45,38): warning C4244: 'return': 'const float' から 'Uint64' への変換です。データが失われる可能性があります。
  (ソース ファイル 'src/Components/Physics/RigidbodyComponent.cpp' をコンパイルしています)
  
D:\Github\LarvaEngine\src\Components\Physics\RigidbodyComponent.cpp(73,69): warning C4244: '引数': 'float' から 'int' への変換です。データが失われる可能性があります。
D:\Github\LarvaEngine\src\Components\Physics\RigidbodyComponent.cpp(73,63): warning C4244: '引数': 'float' から 'int' への変換です。データが失われる可能性があります。
D:\Github\LarvaEngine\src\Components\Physics\RigidbodyComponent.cpp(74,59): warning C4244: '引数': 'float' から 'int' への変換です。データが失われる可能性があります。
D:\Github\LarvaEngine\include\LarvaEngine\Core\GameObject.h(144,1): warning C4172: ローカル変数またはテンポラリのアドレスを返します
  TileMapComponent.cpp
D:\Github\LarvaEngine\include\LarvaEngine\Core\Utilities\Math.h(411,29): warning C4244: '引数': 'int' から 'float' への変換です。データが失われる可能性があります。
  (ソース ファイル 'src/Components/TileMapComponent.cpp' をコンパイルしています)
  
  Component.cpp
D:\Github\LarvaEngine\include\LarvaEngine\Core\Utilities\Math.h(69,14): warning C4244: 'return': 'double' から 'float' への変換です。データが失われる可能性があります。
  (ソース ファイル 'src/Core/Component.cpp' をコンパイルしています)
  
D:\Github\LarvaEngine\include\LarvaEngine\Core\Utilities\Math.h(114,15): warning C4244: 'return': 'double' から 'float' への変換です。データが失われる可能性があります。
  (ソース ファイル 'src/Core/Component.cpp' をコンパイルしています)
  
D:\Github\LarvaEngine\include\LarvaEngine\Core\Utilities\Math.h(411,29): warning C4244: '引数': 'int' から 'float' への変換です。データが失われる可能性があります。
  (ソース ファイル 'src/Core/Component.cpp' をコンパイルしています)
  
  HUD.cpp
D:\Github\LarvaEngine\include\LarvaEngine\Core\Utilities\Math.h(69,14): warning C4244: 'return': 'double' から 'float' への変換です。データが失われる可能性があります。
  (ソース ファイル 'src/Examples/Game/Test/HUD.cpp' をコンパイルしています)
  
D:\Github\LarvaEngine\include\LarvaEngine\Core\Utilities\Math.h(114,15): warning C4244: 'return': 'double' から 'float' への変換です。データが失われる可能性があります。
  (ソース ファイル 'src/Examples/Game/Test/HUD.cpp' をコンパイルしています)
  
D:\Github\LarvaEngine\include\LarvaEngine\Core\Utilities\Math.h(411,29): warning C4244: '引数': 'int' から 'float' への変換です。データが失われる可能性があります。
  (ソース ファイル 'src/Examples/Game/Test/HUD.cpp' をコンパイルしています)
  
  PauseMenu.cpp
D:\Github\LarvaEngine\include\LarvaEngine\Core\Utilities\Math.h(69,14): warning C4244: 'return': 'double' から 'float' への変換です。データが失われる可能性があります。
  (ソース ファイル 'src/Examples/Game/Test/PauseMenu.cpp' をコンパイルしています)
  
D:\Github\LarvaEngine\include\LarvaEngine\Core\Utilities\Math.h(114,15): warning C4244: 'return': 'double' から 'float' への変換です。データが失われる可能性があります。
  (ソース ファイル 'src/Examples/Game/Test/PauseMenu.cpp' をコンパイルしています)
  
D:\Github\LarvaEngine\include\LarvaEngine\Core\Utilities\Math.h(411,29): warning C4244: '引数': 'int' から 'float' への変換です。データが失われる可能性があります。
  (ソース ファイル 'src/Examples/Game/Test/PauseMenu.cpp' をコンパイルしています)
  
  PlaySubScene.cpp
D:\Github\LarvaEngine\include\LarvaEngine\Core\Utilities\Math.h(69,14): warning C4244: 'return': 'double' から 'float' への変換です。データが失われる可能性があります。
  (ソース ファイル 'src/Examples/Game/Test/PlaySubScene.cpp' をコンパイルしています)
  
D:\Github\LarvaEngine\include\LarvaEngine\Core\Utilities\Math.h(114,15): warning C4244: 'return': 'double' から 'float' への変換です。データが失われる可能性があります。
  (ソース ファイル 'src/Examples/Game/Test/PlaySubScene.cpp' をコンパイルしています)
  
D:\Github\LarvaEngine\include\LarvaEngine\Core\Utilities\Math.h(411,29): warning C4244: '引数': 'int' から 'float' への変換です。データが失われる可能性があります。
  (ソース ファイル 'src/Examples/Game/Test/PlaySubScene.cpp' をコンパイルしています)
  
  TestScene.cpp
D:\Github\LarvaEngine\include\LarvaEngine\Core\Utilities\Math.h(411,29): warning C4244: '引数': 'int' から 'float' への変換です。データが失われる可能性があります。
  (ソース ファイル 'src/Examples/Game/Test/TestScene.cpp' をコンパイルしています)
  
D:\Github\LarvaEngine\src\Examples\Game\Test\TestScene.cpp(66,34): warning C4305: '引数': 'double' から 'float' へ切り詰めます。
D:\Github\LarvaEngine\src\Examples\Game\Test\TestScene.cpp(66,30): warning C4305: '引数': 'double' から 'float' へ切り詰めます。
D:\Github\LarvaEngine\src\Examples\Game\Test\TestScene.cpp(77,31): warning C4305: '引数': 'double' から 'float' へ切り詰めます。
D:\Github\LarvaEngine\src\Examples\Game\Test\TestScene.cpp(77,26): warning C4305: '引数': 'double' から 'float' へ切り詰めます。
D:\Github\LarvaEngine\src\Examples\Game\Test\TestScene.cpp(85,99): warning C4305: '引数': 'double' から 'float' へ切り詰めます。
  PlaySubScene.cpp
D:\Github\LarvaEngine\include\LarvaEngine\Core\Utilities\Math.h(69,14): warning C4244: 'return': 'double' から 'float' への変換です。データが失われる可能性があります。
  (ソース ファイル 'src/Examples/Game/Title/PlaySubScene.cpp' をコンパイルしています)
  
D:\Github\LarvaEngine\include\LarvaEngine\Core\Utilities\Math.h(114,15): warning C4244: 'return': 'double' から 'float' への変換です。データが失われる可能性があります。
  (ソース ファイル 'src/Examples/Game/Title/PlaySubScene.cpp' をコンパイルしています)
  
D:\Github\LarvaEngine\include\LarvaEngine\Core\Utilities\Math.h(411,29): warning C4244: '引数': 'int' から 'float' への変換です。データが失われる可能性があります。
  (ソース ファイル 'src/Examples/Game/Title/PlaySubScene.cpp' をコンパイルしています)
  
  TitleScene.cpp
D:\Github\LarvaEngine\include\LarvaEngine\Core\Utilities\Math.h(411,29): warning C4244: '引数': 'int' から 'float' への変換です。データが失われる可能性があります。
  (ソース ファイル 'src/Examples/Game/Title/TitleScene.cpp' をコンパイルしています)
  
  TitleUI.cpp
D:\Github\LarvaEngine\include\LarvaEngine\Core\Utilities\Math.h(69,14): warning C4244: 'return': 'double' から 'float' への変換です。データが失われる可能性があります。
  (ソース ファイル 'src/Examples/Game/Title/TitleUI.cpp' をコンパイルしています)
  
D:\Github\LarvaEngine\include\LarvaEngine\Core\Utilities\Math.h(114,15): warning C4244: 'return': 'double' から 'float' への変換です。データが失われる可能性があります。
  (ソース ファイル 'src/Examples/Game/Title/TitleUI.cpp' をコンパイルしています)
  
D:\Github\LarvaEngine\include\LarvaEngine\Core\Utilities\Math.h(411,29): warning C4244: '引数': 'int' から 'float' への変換です。データが失われる可能性があります。
  (ソース ファイル 'src/Examples/Game/Title/TitleUI.cpp' をコンパイルしています)
  
  Background.cpp
D:\Github\LarvaEngine\include\LarvaEngine\Core\Utilities\Math.h(69,14): warning C4244: 'return': 'double' から 'float' への変換です。データが失われる可能性があります。
  (ソース ファイル 'src/GameObjects/Background.cpp' をコンパイルしています)
  
D:\Github\LarvaEngine\include\LarvaEngine\Core\Utilities\Math.h(114,15): warning C4244: 'return': 'double' から 'float' への変換です。データが失われる可能性があります。
  (ソース ファイル 'src/GameObjects/Background.cpp' をコンパイルしています)
  
D:\Github\LarvaEngine\include\LarvaEngine\Core\Utilities\Math.h(411,29): warning C4244: '引数': 'int' から 'float' への変換です。データが失われる可能性があります。
  (ソース ファイル 'src/GameObjects/Background.cpp' をコンパイルしています)
  
  Camera.cpp
D:\Github\LarvaEngine\include\LarvaEngine\Core\Utilities\Math.h(69,14): warning C4244: 'return': 'double' から 'float' への変換です。データが失われる可能性があります。
  (ソース ファイル 'src/GameObjects/Camera.cpp' をコンパイルしています)
  
D:\Github\LarvaEngine\include\LarvaEngine\Core\Utilities\Math.h(114,15): warning C4244: 'return': 'double' から 'float' への変換です。データが失われる可能性があります。
  (ソース ファイル 'src/GameObjects/Camera.cpp' をコンパイルしています)
  
D:\Github\LarvaEngine\include\LarvaEngine\Core\Utilities\Math.h(411,29): warning C4244: '引数': 'int' から 'float' への変換です。データが失われる可能性があります。
  (ソース ファイル 'src/GameObjects/Camera.cpp' をコンパイルしています)
  
  Particle.cpp
D:\Github\LarvaEngine\include\LarvaEngine\Core\Utilities\Math.h(69,14): warning C4244: 'return': 'double' から 'float' への変換です。データが失われる可能性があります。
  (ソース ファイル 'src/GameObjects/Particle.cpp' をコンパイルしています)
  
D:\Github\LarvaEngine\include\LarvaEngine\Core\Utilities\Math.h(114,15): warning C4244: 'return': 'double' から 'float' への変換です。データが失われる可能性があります。
  (ソース ファイル 'src/GameObjects/Particle.cpp' をコンパイルしています)
  
D:\Github\LarvaEngine\include\LarvaEngine\Core\Utilities\Math.h(411,29): warning C4244: '引数': 'int' から 'float' への変換です。データが失われる可能性があります。
  (ソース ファイル 'src/GameObjects/Particle.cpp' をコンパイルしています)
  
  Player.cpp
D:\Github\LarvaEngine\include\LarvaEngine\Core\Utilities\Math.h(69,14): warning C4244: 'return': 'double' から 'float' への変換です。データが失われる可能性があります。
  (ソース ファイル 'src/GameObjects/Player.cpp' をコンパイルしています)
  
D:\Github\LarvaEngine\include\LarvaEngine\Core\Utilities\Math.h(114,15): warning C4244: 'return': 'double' から 'float' への変換です。データが失われる可能性があります。
  (ソース ファイル 'src/GameObjects/Player.cpp' をコンパイルしています)
  
D:\Github\LarvaEngine\include\LarvaEngine\Core\Utilities\Math.h(411,29): warning C4244: '引数': 'int' から 'float' への変換です。データが失われる可能性があります。
  (ソース ファイル 'src/GameObjects/Player.cpp' をコンパイルしています)
  
D:\Github\LarvaEngine\src\GameObjects\Player.cpp(36,57): warning C4244: '引数': 'float' から 'int' への変換です。データが失われる可能性があります。
D:\Github\LarvaEngine\src\GameObjects\Player.cpp(36,51): warning C4244: '引数': 'float' から 'int' への変換です。データが失われる可能性があります。
D:\Github\LarvaEngine\src\GameObjects\Player.cpp(36,34): warning C4244: '引数': 'float' から 'int' への変換です。データが失われる可能性があります。
D:\Github\LarvaEngine\src\GameObjects\Player.cpp(36,27): warning C4244: '引数': 'float' から 'int' への変換です。データが失われる可能性があります。
D:\Github\LarvaEngine\src\GameObjects\Player.cpp(54,27): warning C4305: '引数': 'double' から 'float' へ切り詰めます。
D:\Github\LarvaEngine\src\GameObjects\Player.cpp(59,39): warning C4305: '引数': 'double' から 'float' へ切り詰めます。
D:\Github\LarvaEngine\src\GameObjects\Player.cpp(59,35): warning C4305: '引数': 'double' から 'float' へ切り詰めます。
  TileMapObject.cpp
D:\Github\LarvaEngine\include\LarvaEngine\Core\Utilities\Math.h(69,14): warning C4244: 'return': 'double' から 'float' への変換です。データが失われる可能性があります。
  (ソース ファイル 'src/GameObjects/TileMapObject.cpp' をコンパイルしています)
  
D:\Github\LarvaEngine\include\LarvaEngine\Core\Utilities\Math.h(114,15): warning C4244: 'return': 'double' から 'float' への変換です。データが失われる可能性があります。
  (ソース ファイル 'src/GameObjects/TileMapObject.cpp' をコンパイルしています)
  
D:\Github\LarvaEngine\include\LarvaEngine\Core\Utilities\Math.h(411,29): warning C4244: '引数': 'int' から 'float' への変換です。データが失われる可能性があります。
  (ソース ファイル 'src/GameObjects/TileMapObject.cpp' をコンパイルしています)
  
  Button.cpp
D:\Github\LarvaEngine\include\LarvaEngine\Core\Utilities\Math.h(411,29): warning C4244: '引数': 'int' から 'float' への変換です。データが失われる可能性があります。
  (ソース ファイル 'src/GameObjects/UI/Button.cpp' をコンパイルしています)
  
D:\Github\LarvaEngine\src\GameObjects\UI\Button.cpp(33,53): warning C4305: '引数': 'double' から 'float' へ切り詰めます。
D:\Github\LarvaEngine\src\GameObjects\UI\Button.cpp(33,48): warning C4305: '引数': 'double' から 'float' へ切り詰めます。
D:\Github\LarvaEngine\src\GameObjects\UI\Button.cpp(33,43): warning C4305: '引数': 'double' から 'float' へ切り詰めます。
D:\Github\LarvaEngine\src\GameObjects\UI\Button.cpp(51,46): warning C4244: '引数': 'int' から 'float' への変換です。データが失われる可能性があります。
D:\Github\LarvaEngine\src\GameObjects\UI\Button.cpp(65,36): warning C4244: '引数': 'int' から 'float' への変換です。データが失われる可能性があります。
D:\Github\LarvaEngine\src\GameObjects\UI\Button.cpp(87,49): warning C4244: '引数': 'unsigned __int64' から 'float' への変換です。データが失われる可能性があります。
D:\Github\LarvaEngine\src\GameObjects\UI\Button.cpp(97,28): warning C4267: 'return': 'size_t' から 'int' に変換しました。データが失われているかもしれません。
D:\Github\LarvaEngine\src\GameObjects\UI\Button.cpp(167,34): warning C4267: '=': 'size_t' から 'int' に変換しました。データが失われているかもしれません。
D:\Github\LarvaEngine\src\GameObjects\UI\Button.cpp(192,20): warning C4267: '=': 'size_t' から 'int' に変換しました。データが失われているかもしれません。
  DataText.cpp
D:\Github\LarvaEngine\include\LarvaEngine\Core\Utilities\Math.h(69,14): warning C4244: 'return': 'double' から 'float' への変換です。データが失われる可能性があります。
  (ソース ファイル 'src/GameObjects/UI/DataText.cpp' をコンパイルしています)
  
D:\Github\LarvaEngine\include\LarvaEngine\Core\Utilities\Math.h(114,15): warning C4244: 'return': 'double' から 'float' への変換です。データが失われる可能性があります。
  (ソース ファイル 'src/GameObjects/UI/DataText.cpp' をコンパイルしています)
  
D:\Github\LarvaEngine\include\LarvaEngine\Core\Utilities\Math.h(411,29): warning C4244: '引数': 'int' から 'float' への変換です。データが失われる可能性があります。
  (ソース ファイル 'src/GameObjects/UI/DataText.cpp' をコンパイルしています)
  
  Text.cpp
D:\Github\LarvaEngine\include\LarvaEngine\Core\Utilities\Math.h(69,14): warning C4244: 'return': 'double' から 'float' への変換です。データが失われる可能性があります。
  (ソース ファイル 'src/GameObjects/UI/Text.cpp' をコンパイルしています)
  
D:\Github\LarvaEngine\include\LarvaEngine\Core\Utilities\Math.h(114,15): warning C4244: 'return': 'double' から 'float' への変換です。データが失われる可能性があります。
  (ソース ファイル 'src/GameObjects/UI/Text.cpp' をコンパイルしています)
  
D:\Github\LarvaEngine\include\LarvaEngine\Core\Utilities\Math.h(411,29): warning C4244: '引数': 'int' から 'float' への変換です。データが失われる可能性があります。
  (ソース ファイル 'src/GameObjects/UI/Text.cpp' をコンパイルしています)
  
  InputAction.cpp
D:\Github\LarvaEngine\include\LarvaEngine\Core\Utilities\Math.h(69,14): warning C4244: 'return': 'double' から 'float' への変換です。データが失われる可能性があります。
  (ソース ファイル 'src/Input/InputAction.cpp' をコンパイルしています)
  
D:\Github\LarvaEngine\include\LarvaEngine\Core\Utilities\Math.h(114,15): warning C4244: 'return': 'double' から 'float' への変換です。データが失われる可能性があります。
  (ソース ファイル 'src/Input/InputAction.cpp' をコンパイルしています)
  
D:\Github\LarvaEngine\include\LarvaEngine\Core\Utilities\Math.h(411,29): warning C4244: '引数': 'int' から 'float' への変換です。データが失われる可能性があります。
  (ソース ファイル 'src/Input/InputAction.cpp' をコンパイルしています)
  
D:\Github\LarvaEngine\include\LarvaEngine\Input\InputSystem.h(12,7): warning C4099: 'SDL_Window': タイプ名は最初 'struct' として使われていましたが 'class' として使われています。
  (ソース ファイル 'src/Input/InputAction.cpp' をコンパイルしています)
  D:\Github\LarvaEngine\SDL\include\SDL3\SDL_video.h(173,16):
  'SDL_Window' の宣言を確認してください
  
  InputSystem.cpp
D:\Github\LarvaEngine\include\LarvaEngine\Core\Utilities\Math.h(69,14): warning C4244: 'return': 'double' から 'float' への変換です。データが失われる可能性があります。
  (ソース ファイル 'src/Input/InputSystem.cpp' をコンパイルしています)
  
D:\Github\LarvaEngine\include\LarvaEngine\Core\Utilities\Math.h(114,15): warning C4244: 'return': 'double' から 'float' への変換です。データが失われる可能性があります。
  (ソース ファイル 'src/Input/InputSystem.cpp' をコンパイルしています)
  
D:\Github\LarvaEngine\include\LarvaEngine\Core\Utilities\Math.h(411,29): warning C4244: '引数': 'int' から 'float' への変換です。データが失われる可能性があります。
  (ソース ファイル 'src/Input/InputSystem.cpp' をコンパイルしています)
  
D:\Github\LarvaEngine\SDL\include\SDL3\SDL_video.h(173,16): warning C4099: 'SDL_Window': タイプ名は最初 'class' として使われていましたが 'struct' として使われています。
  (ソース ファイル 'src/Input/InputSystem.cpp' をコンパイルしています)
  D:\Github\LarvaEngine\include\LarvaEngine\Input\InputSystem.h(12,7):
  'SDL_Window' の宣言を確認してください
  
D:\Github\LarvaEngine\src\Input\InputSystem.cpp(62,33): warning C4805: '==': 演算中の 'const Uint8' 型と 'bool' 型の混用は安全ではありません
D:\Github\LarvaEngine\src\Input\InputSystem.cpp(65,75): warning C4805: '==': 演算中の 'const Uint8' 型と 'bool' 型の混用は安全ではありません
D:\Github\LarvaEngine\src\Input\InputSystem.cpp(68,38): warning C4805: '==': 演算中の 'const Uint8' 型と 'bool' 型の混用は安全ではありません
D:\Github\LarvaEngine\src\Input\InputSystem.cpp(68,74): warning C4805: '==': 演算中の 'const Uint8' 型と 'bool' 型の混用は安全ではありません
D:\Github\LarvaEngine\src\Input\InputSystem.cpp(250,27): warning C4244: '引数': 'int' から 'float' への変換です。データが失われる可能性があります。
D:\Github\LarvaEngine\src\Input\InputSystem.cpp(250,15): warning C4244: '初期化中': 'float' から 'int' への変換です。データが失われる可能性があります。
  FrameSystem.cpp
D:\Github\LarvaEngine\include\LarvaEngine\Core\FrameSystem.h(45,38): warning C4244: 'return': 'const float' から 'Uint64' への変換です。データが失われる可能性があります。
  (ソース ファイル 'src/Core/FrameSystem.cpp' をコンパイルしています)
  
D:\Github\LarvaEngine\src\Core\FrameSystem.cpp(39,29): warning C4244: '引数': 'float' から 'Uint32' への変換です。データが失われる可能性があります。
  Game.cpp
D:\Github\LarvaEngine\include\LarvaEngine\Core\Utilities\Math.h(411,29): warning C4244: '引数': 'int' から 'float' への変換です。データが失われる可能性があります。
  (ソース ファイル 'src/Core/Game.cpp' をコンパイルしています)
  
D:\Github\LarvaEngine\include\LarvaEngine\Core\FrameSystem.h(45,38): warning C4244: 'return': 'const float' から 'Uint64' への変換です。データが失われる可能性があります。
  (ソース ファイル 'src/Core/Game.cpp' をコンパイルしています)
  
D:\Github\LarvaEngine\include\LarvaEngine\Input\InputSystem.h(12,7): warning C4099: 'SDL_Window': タイプ名は最初 'struct' として使われていましたが 'class' として使われています。
  (ソース ファイル 'src/Core/Game.cpp' をコンパイルしています)
  D:\Github\LarvaEngine\SDL\include\SDL3\SDL_video.h(173,16):
  'SDL_Window' の宣言を確認してください
  
D:\Github\LarvaEngine\src\Core\Game.cpp(94,28): warning C4244: '引数': 'int' から 'float' への変換です。データが失われる可能性があります。
D:\Github\LarvaEngine\src\Core\Game.cpp(94,20): warning C4244: '引数': 'int' から 'float' への変換です。データが失われる可能性があります。
D:\Github\LarvaEngine\src\Core\Game.cpp(94,11): warning C4244: '引数': 'int' から 'float' への変換です。データが失われる可能性があります。
D:\Github\LarvaEngine\src\Core\Game.cpp(94,3): warning C4244: '引数': 'int' から 'float' への変換です。データが失われる可能性があります。
D:\Github\LarvaEngine\src\Core\Game.cpp(168,2): warning C4808: case '256' は 'bool' 型の switch ラベルには不適切です
D:\Github\LarvaEngine\src\Core\Game.cpp(171,2): warning C4808: case '1027' は 'bool' 型の switch ラベルには不適切です
D:\Github\LarvaEngine\src\Core\Game.cpp(172,2): warning C4808: case '1619' は 'bool' 型の switch ラベルには不適切です
D:\Github\LarvaEngine\src\Core\Game.cpp(173,2): warning C4808: case '1620' は 'bool' 型の switch ラベルには不適切です
  GameObject.cpp
D:\Github\LarvaEngine\include\LarvaEngine\Core\Utilities\Math.h(411,29): warning C4244: '引数': 'int' から 'float' への変換です。データが失われる可能性があります。
  (ソース ファイル 'src/Core/GameObject.cpp' をコンパイルしています)
  
  Main.cpp
D:\Github\LarvaEngine\include\LarvaEngine\Core\Utilities\Math.h(411,29): warning C4244: '引数': 'int' から 'float' への変換です。データが失われる可能性があります。
  (ソース ファイル 'src/Core/Main.cpp' をコンパイルしています)
  
  MainScene.cpp
D:\Github\LarvaEngine\include\LarvaEngine\Core\Utilities\Math.h(69,14): warning C4244: 'return': 'double' から 'float' への変換です。データが失われる可能性があります。
  (ソース ファイル 'src/Core/MainScene.cpp' をコンパイルしています)
  
D:\Github\LarvaEngine\include\LarvaEngine\Core\Utilities\Math.h(114,15): warning C4244: 'return': 'double' から 'float' への変換です。データが失われる可能性があります。
  (ソース ファイル 'src/Core/MainScene.cpp' をコンパイルしています)
  
D:\Github\LarvaEngine\include\LarvaEngine\Core\Utilities\Math.h(411,29): warning C4244: '引数': 'int' から 'float' への変換です。データが失われる可能性があります。
  (ソース ファイル 'src/Core/MainScene.cpp' をコンパイルしています)
  
  Font.cpp
D:\Github\LarvaEngine\include\LarvaEngine\Core\Utilities\Math.h(411,29): warning C4244: '引数': 'int' から 'float' への変換です。データが失われる可能性があります。
  (ソース ファイル 'src/Core/Resources/Font.cpp' をコンパイルしています)
  
D:\Github\LarvaEngine\src\Core\Resources\Font.cpp(43,57): warning C4244: '引数': 'int' から 'float' への変換です。データが失われる可能性があります。
  Texture.cpp
D:\Github\LarvaEngine\include\LarvaEngine\Core\Utilities\Math.h(69,14): warning C4244: 'return': 'double' から 'float' への変換です。データが失われる可能性があります。
  (ソース ファイル 'src/Core/Resources/Texture.cpp' をコンパイルしています)
  
D:\Github\LarvaEngine\include\LarvaEngine\Core\Utilities\Math.h(114,15): warning C4244: 'return': 'double' から 'float' への変換です。データが失われる可能性があります。
  (ソース ファイル 'src/Core/Resources/Texture.cpp' をコンパイルしています)
  
D:\Github\LarvaEngine\include\LarvaEngine\Core\Utilities\Math.h(411,29): warning C4244: '引数': 'int' から 'float' への変換です。データが失われる可能性があります。
  (ソース ファイル 'src/Core/Resources/Texture.cpp' をコンパイルしています)
  
  TileMap.cpp
  Scene.cpp
D:\Github\LarvaEngine\include\LarvaEngine\Core\Utilities\Math.h(69,14): warning C4244: 'return': 'double' から 'float' への変換です。データが失われる可能性があります。
  (ソース ファイル 'src/Core/Scene.cpp' をコンパイルしています)
  
D:\Github\LarvaEngine\include\LarvaEngine\Core\Utilities\Math.h(114,15): warning C4244: 'return': 'double' から 'float' への変換です。データが失われる可能性があります。
  (ソース ファイル 'src/Core/Scene.cpp' をコンパイルしています)
  
D:\Github\LarvaEngine\include\LarvaEngine\Core\Utilities\Math.h(411,29): warning C4244: '引数': 'int' から 'float' への変換です。データが失われる可能性があります。
  (ソース ファイル 'src/Core/Scene.cpp' をコンパイルしています)
  
  SceneManager.cpp
D:\Github\LarvaEngine\include\LarvaEngine\Core\Utilities\Math.h(411,29): warning C4244: '引数': 'int' から 'float' への変換です。データが失われる可能性があります。
  (ソース ファイル 'src/Core/SceneManager.cpp' をコンパイルしています)
  
  SubScene.cpp
  UIScene.cpp
D:\Github\LarvaEngine\include\LarvaEngine\Core\Utilities\Math.h(69,14): warning C4244: 'return': 'double' から 'float' への変換です。データが失われる可能性があります。
  (ソース ファイル 'src/Core/UIScene.cpp' をコンパイルしています)
  
D:\Github\LarvaEngine\include\LarvaEngine\Core\Utilities\Math.h(114,15): warning C4244: 'return': 'double' から 'float' への変換です。データが失われる可能性があります。
  (ソース ファイル 'src/Core/UIScene.cpp' をコンパイルしています)
  
D:\Github\LarvaEngine\include\LarvaEngine\Core\Utilities\Math.h(411,29): warning C4244: '引数': 'int' から 'float' への変換です。データが失われる可能性があります。
  (ソース ファイル 'src/Core/UIScene.cpp' をコンパイルしています)
  
  Math.cpp
D:\Github\LarvaEngine\include\LarvaEngine\Core\Utilities\Math.h(69,14): warning C4244: 'return': 'double' から 'float' への変換です。データが失われる可能性があります。
  (ソース ファイル 'src/Core/Utilities/Math.cpp' をコンパイルしています)
  
D:\Github\LarvaEngine\include\LarvaEngine\Core\Utilities\Math.h(114,15): warning C4244: 'return': 'double' から 'float' への変換です。データが失われる可能性があります。
  (ソース ファイル 'src/Core/Utilities/Math.cpp' をコンパイルしています)
  
D:\Github\LarvaEngine\include\LarvaEngine\Core\Utilities\Math.h(411,29): warning C4244: '引数': 'int' から 'float' への変換です。データが失われる可能性があります。
  (ソース ファイル 'src/Core/Utilities/Math.cpp' をコンパイルしています)
  
D:\Github\LarvaEngine\src\Core\Utilities\Math.cpp(83,16): warning C4244: '=': 'double' から 'int' への変換です。データが失われる可能性があります。
D:\Github\LarvaEngine\src\Core\Utilities\Math.cpp(84,16): warning C4244: '=': 'double' から 'int' への変換です。データが失われる可能性があります。
  Collision2D.cpp
D:\Github\LarvaEngine\include\LarvaEngine\Core\Utilities\Math.h(69,14): warning C4244: 'return': 'double' から 'float' への変換です。データが失われる可能性があります。
  (ソース ファイル 'src/Physics/Collision2D.cpp' をコンパイルしています)
  
D:\Github\LarvaEngine\include\LarvaEngine\Core\Utilities\Math.h(114,15): warning C4244: 'return': 'double' から 'float' への変換です。データが失われる可能性があります。
  (ソース ファイル 'src/Physics/Collision2D.cpp' をコンパイルしています)
  
D:\Github\LarvaEngine\include\LarvaEngine\Core\Utilities\Math.h(411,29): warning C4244: '引数': 'int' から 'float' への変換です。データが失われる可能性があります。
  (ソース ファイル 'src/Physics/Collision2D.cpp' をコンパイルしています)
  
D:\Github\LarvaEngine\src\Physics\Collision2D.cpp(106,18): warning C4244: '初期化中': 'int' から 'float' への変換です。データが失われる可能性があります。
D:\Github\LarvaEngine\src\Physics\Collision2D.cpp(147,47): warning C4244: '引数': 'const int' から 'float' への変換です。データが失われる可能性があります。
D:\Github\LarvaEngine\src\Physics\Collision2D.cpp(147,37): warning C4244: '引数': 'const int' から 'float' への変換です。データが失われる可能性があります。
D:\Github\LarvaEngine\src\Physics\Collision2D.cpp(147,27): warning C4244: '引数': 'const int' から 'float' への変換です。データが失われる可能性があります。
D:\Github\LarvaEngine\src\Physics\Collision2D.cpp(148,47): warning C4244: '引数': 'const int' から 'float' への変換です。データが失われる可能性があります。
D:\Github\LarvaEngine\src\Physics\Collision2D.cpp(148,37): warning C4244: '引数': 'const int' から 'float' への変換です。データが失われる可能性があります。
D:\Github\LarvaEngine\src\Physics\Collision2D.cpp(148,27): warning C4244: '引数': 'const int' から 'float' への変換です。データが失われる可能性があります。
D:\Github\LarvaEngine\src\Physics\Collision2D.cpp(151,47): warning C4244: '引数': 'const int' から 'float' への変換です。データが失われる可能性があります。
D:\Github\LarvaEngine\src\Physics\Collision2D.cpp(151,37): warning C4244: '引数': 'const int' から 'float' への変換です。データが失われる可能性があります。
D:\Github\LarvaEngine\src\Physics\Collision2D.cpp(151,27): warning C4244: '引数': 'const int' から 'float' への変換です。データが失われる可能性があります。
D:\Github\LarvaEngine\src\Physics\Collision2D.cpp(152,47): warning C4244: '引数': 'const int' から 'float' への変換です。データが失われる可能性があります。
D:\Github\LarvaEngine\src\Physics\Collision2D.cpp(152,37): warning C4244: '引数': 'const int' から 'float' への変換です。データが失われる可能性があります。
D:\Github\LarvaEngine\src\Physics\Collision2D.cpp(152,27): warning C4244: '引数': 'const int' から 'float' への変換です。データが失われる可能性があります。
  PhysWorld2D.cpp
D:\Github\LarvaEngine\include\LarvaEngine\Core\Utilities\Math.h(411,29): warning C4244: '引数': 'int' から 'float' への変換です。データが失われる可能性があります。
  (ソース ファイル 'src/Physics/PhysWorld2D.cpp' をコンパイルしています)
  
D:\Github\LarvaEngine\src\Physics\PhysWorld2D.cpp(142,15): warning C4244: '初期化中': 'int' から 'float' への変換です。データが失われる可能性があります。
D:\Github\LarvaEngine\src\Physics\PhysWorld2D.cpp(143,15): warning C4244: '初期化中': 'int' から 'float' への変換です。データが失われる可能性があります。
D:\Github\LarvaEngine\src\Physics\PhysWorld2D.cpp(144,15): warning C4244: '初期化中': 'int' から 'float' への変換です。データが失われる可能性があります。
D:\Github\LarvaEngine\src\Physics\PhysWorld2D.cpp(145,15): warning C4244: '初期化中': 'int' から 'float' への変換です。データが失われる可能性があります。
  Renderer.cpp
D:\Github\LarvaEngine\include\LarvaEngine\Core\Utilities\Math.h(69,14): warning C4244: 'return': 'double' から 'float' への変換です。データが失われる可能性があります。
  (ソース ファイル 'src/Renderer/Renderer.cpp' をコンパイルしています)
  
D:\Github\LarvaEngine\include\LarvaEngine\Core\Utilities\Math.h(114,15): warning C4244: 'return': 'double' から 'float' への変換です。データが失われる可能性があります。
  (ソース ファイル 'src/Renderer/Renderer.cpp' をコンパイルしています)
  
D:\Github\LarvaEngine\include\LarvaEngine\Core\Utilities\Math.h(411,29): warning C4244: '引数': 'int' から 'float' への変換です。データが失われる可能性があります。
  (ソース ファイル 'src/Renderer/Renderer.cpp' をコンパイルしています)
  
D:\Github\LarvaEngine\src\Renderer\Renderer.cpp(60,78): warning C4305: '引数': 'double' から 'float' へ切り詰めます。
D:\Github\LarvaEngine\src\Renderer\Renderer.cpp(60,70): warning C4305: '引数': 'double' から 'float' へ切り詰めます。
D:\Github\LarvaEngine\src\Renderer\Renderer.cpp(60,66): warning C4305: '引数': 'double' から 'float' へ切り詰めます。
D:\Github\LarvaEngine\src\Renderer\Renderer.cpp(73,66): warning C4244: '引数': 'float' から 'int' への変換です。データが失われる可能性があります。
D:\Github\LarvaEngine\src\Renderer\Renderer.cpp(73,52): warning C4244: '引数': 'float' から 'int' への変換です。データが失われる可能性があります。
D:\Github\LarvaEngine\src\Renderer\Renderer.cpp(133,40): warning C4244: '引数': 'float' から 'GLsizei' への変換です。データが失われる可能性があります。
D:\Github\LarvaEngine\src\Renderer\Renderer.cpp(133,26): warning C4244: '引数': 'float' から 'GLsizei' への変換です。データが失われる可能性があります。
D:\Github\LarvaEngine\src\Renderer\Renderer.cpp(153,33): warning C4244: '=': 'int' から 'float' への変換です。データが失われる可能性があります。
D:\Github\LarvaEngine\src\Renderer\Renderer.cpp(164,40): warning C4244: '引数': 'float' から 'GLsizei' への変換です。データが失われる可能性があります。
D:\Github\LarvaEngine\src\Renderer\Renderer.cpp(164,26): warning C4244: '引数': 'float' から 'GLsizei' への変換です。データが失われる可能性があります。
D:\Github\LarvaEngine\src\Renderer\Renderer.cpp(180,36): warning C4244: '引数': 'float' から 'GLsizei' への変換です。データが失われる可能性があります。
D:\Github\LarvaEngine\src\Renderer\Renderer.cpp(180,22): warning C4244: '引数': 'float' から 'GLsizei' への変換です。データが失われる可能性があります。
D:\Github\LarvaEngine\src\Renderer\Renderer.cpp(194,36): warning C4244: '引数': 'float' から 'GLsizei' への変換です。データが失われる可能性があります。
D:\Github\LarvaEngine\src\Renderer\Renderer.cpp(194,22): warning C4244: '引数': 'float' から 'GLsizei' への変換です。データが失われる可能性があります。
D:\Github\LarvaEngine\src\Renderer\Renderer.cpp(202,36): warning C4244: '引数': 'float' から 'GLsizei' への変換です。データが失われる可能性があります。
D:\Github\LarvaEngine\src\Renderer\Renderer.cpp(202,22): warning C4244: '引数': 'float' から 'GLsizei' への変換です。データが失われる可能性があります。
D:\Github\LarvaEngine\src\Renderer\Renderer.cpp(210,36): warning C4244: '引数': 'float' から 'GLsizei' への変換です。データが失われる可能性があります。
D:\Github\LarvaEngine\src\Renderer\Renderer.cpp(210,22): warning C4244: '引数': 'float' から 'GLsizei' への変換です。データが失われる可能性があります。
D:\Github\LarvaEngine\src\Renderer\Renderer.cpp(334,63): warning C4244: '引数': 'float' から 'GLsizei' への変換です。データが失われる可能性があります。
D:\Github\LarvaEngine\src\Renderer\Renderer.cpp(334,49): warning C4244: '引数': 'float' から 'GLsizei' への変換です。データが失われる可能性があります。
D:\Github\LarvaEngine\src\Renderer\Renderer.cpp(359,63): warning C4244: '引数': 'float' から 'GLsizei' への変換です。データが失われる可能性があります。
D:\Github\LarvaEngine\src\Renderer\Renderer.cpp(359,49): warning C4244: '引数': 'float' から 'GLsizei' への変換です。データが失われる可能性があります。
D:\Github\LarvaEngine\src\Renderer\Renderer.cpp(378,59): warning C4244: '引数': 'float' から 'GLsizei' への変換です。データが失われる可能性があります。
D:\Github\LarvaEngine\src\Renderer\Renderer.cpp(378,45): warning C4244: '引数': 'float' から 'GLsizei' への変換です。データが失われる可能性があります。
D:\Github\LarvaEngine\src\Renderer\Renderer.cpp(399,57): warning C4244: '引数': 'float' から 'GLsizei' への変換です。データが失われる可能性があります。
D:\Github\LarvaEngine\src\Renderer\Renderer.cpp(399,43): warning C4244: '引数': 'float' から 'GLsizei' への変換です。データが失われる可能性があります。
D:\Github\LarvaEngine\src\Renderer\Renderer.cpp(419,57): warning C4244: '引数': 'float' から 'GLsizei' への変換です。データが失われる可能性があります。
D:\Github\LarvaEngine\src\Renderer\Renderer.cpp(419,43): warning C4244: '引数': 'float' から 'GLsizei' への変換です。データが失われる可能性があります。
D:\Github\LarvaEngine\src\Renderer\Renderer.cpp(439,59): warning C4244: '引数': 'float' から 'GLsizei' への変換です。データが失われる可能性があります。
D:\Github\LarvaEngine\src\Renderer\Renderer.cpp(439,45): warning C4244: '引数': 'float' から 'GLsizei' への変換です。データが失われる可能性があります。
D:\Github\LarvaEngine\src\Renderer\Renderer.cpp(457,59): warning C4244: '引数': 'float' から 'GLsizei' への変換です。データが失われる可能性があります。
D:\Github\LarvaEngine\src\Renderer\Renderer.cpp(457,45): warning C4244: '引数': 'float' から 'GLsizei' への変換です。データが失われる可能性があります。
D:\Github\LarvaEngine\src\Renderer\Renderer.cpp(564,32): warning C4018: '<': signed と unsigned の数値を比較しようとしました。
  Shader.cpp
D:\Github\LarvaEngine\include\LarvaEngine\Core\Utilities\Math.h(411,29): warning C4244: '引数': 'int' から 'float' への変換です。データが失われる可能性があります。
  (ソース ファイル 'src/Renderer/Shader.cpp' をコンパイルしています)
  
  VertexArray.cpp
  LarvaEngine.vcxproj -> D:\Github\LarvaEngine\bin\x64\Debug\LarvaEngine.exe
  'pwsh.exe' は、内部コマンドまたは外部コマンド、
  操作可能なプログラムまたはバッチ ファイルとして認識されていません。
