d:\github\cpp_sdl\cpp_sdl\x64\debug\vc143.pdb
d:\github\cpp_sdl\cpp_sdl\x64\debug\vc143.idb
d:\github\cpp_sdl\cpp_sdl\x64\debug\assetmanagers\assetdata\audio.obj
d:\github\cpp_sdl\cpp_sdl\x64\debug\assetmanagers\assetdata\texture.obj
d:\github\cpp_sdl\cpp_sdl\x64\debug\assetmanagers\assetdata\tilemap.obj
d:\github\cpp_sdl\cpp_sdl\x64\debug\assetmanagers\texturemanager.obj
d:\github\cpp_sdl\cpp_sdl\x64\debug\assetmanagers\tilemapmanager.obj
d:\github\cpp_sdl\cpp_sdl\x64\debug\audio\audiosystem.obj
d:\github\cpp_sdl\cpp_sdl\x64\debug\audio\soundevent.obj
d:\github\cpp_sdl\cpp_sdl\x64\debug\components\ai\aicompoennt.obj
d:\github\cpp_sdl\cpp_sdl\x64\debug\components\ai\aistate.obj
d:\github\cpp_sdl\cpp_sdl\x64\debug\components\audio\audiocomponent.obj
d:\github\cpp_sdl\cpp_sdl\x64\debug\components\camera\cameracomponent.obj
d:\github\cpp_sdl\cpp_sdl\x64\debug\components\camera\followcameracomponent.obj
d:\github\cpp_sdl\cpp_sdl\x64\debug\components\component.obj
d:\github\cpp_sdl\cpp_sdl\x64\debug\components\draw\bgcomponent.obj
d:\github\cpp_sdl\cpp_sdl\x64\debug\components\draw\debugdrawcomponent.obj
d:\github\cpp_sdl\cpp_sdl\x64\debug\gameobjects\particle.obj
d:\github\cpp_sdl\cpp_sdl\x64\debug\components\draw\spritecomponent.obj
d:\github\cpp_sdl\cpp_sdl\x64\debug\components\draw\textcomponent.obj
d:\github\cpp_sdl\cpp_sdl\x64\debug\components\draw\texturecomponent.obj
d:\github\cpp_sdl\cpp_sdl\x64\debug\components\moveinputcomponent.obj
d:\github\cpp_sdl\cpp_sdl\x64\debug\components\phys\boxcomponent2d.obj
d:\github\cpp_sdl\cpp_sdl\x64\debug\components\phys\capsulecomponent.obj
d:\github\cpp_sdl\cpp_sdl\x64\debug\components\phys\rigidbodycomponent.obj
d:\github\cpp_sdl\cpp_sdl\x64\debug\components\tilemapcomponent.obj
d:\github\cpp_sdl\cpp_sdl\x64\debug\core\game.obj
d:\github\cpp_sdl\cpp_sdl\x64\debug\core\main.obj
d:\github\cpp_sdl\cpp_sdl\x64\debug\gameobjects\background.obj
d:\github\cpp_sdl\cpp_sdl\x64\debug\gameobjects\camera.obj
d:\github\cpp_sdl\cpp_sdl\x64\debug\gameobjects\gameobject.obj
d:\github\cpp_sdl\cpp_sdl\x64\debug\gameobjects\player.obj
d:\github\cpp_sdl\cpp_sdl\x64\debug\gameobjects\testobject.obj
d:\github\cpp_sdl\cpp_sdl\x64\debug\gameobjects\tilemapobject.obj
d:\github\cpp_sdl\cpp_sdl\x64\debug\gameobjects\ui\button.obj
d:\github\cpp_sdl\cpp_sdl\x64\debug\gameobjects\ui\datatext.obj
d:\github\cpp_sdl\cpp_sdl\x64\debug\phys\physworld2d.obj
d:\github\cpp_sdl\cpp_sdl\x64\debug\renderer\renderer.obj
d:\github\cpp_sdl\cpp_sdl\x64\debug\renderer\shader.obj
d:\github\cpp_sdl\cpp_sdl\x64\debug\renderer\vertexarray.obj
d:\github\cpp_sdl\cpp_sdl\x64\debug\scene\game\playsubscene.obj
d:\github\cpp_sdl\cpp_sdl\x64\debug\scene\mainscene.obj
d:\github\cpp_sdl\cpp_sdl\x64\debug\scene\scene.obj
d:\github\cpp_sdl\cpp_sdl\x64\debug\scene\scenemanager.obj
d:\github\cpp_sdl\cpp_sdl\x64\debug\scene\game\testscene.obj
d:\github\cpp_sdl\cpp_sdl\x64\debug\scene\game\title\titlescene.obj
d:\github\cpp_sdl\cpp_sdl\x64\debug\scene\subscene.obj
d:\github\cpp_sdl\cpp_sdl\x64\debug\scene\ui\pausemenu.obj
d:\github\cpp_sdl\cpp_sdl\x64\debug\scene\game\title\playsubscene.obj
d:\github\cpp_sdl\cpp_sdl\x64\debug\scene\ui\titleui.obj
d:\github\cpp_sdl\cpp_sdl\x64\debug\scene\ui\uiscene.obj
d:\github\cpp_sdl\cpp_sdl\x64\debug\gameobjects\ui\text.obj
d:\github\cpp_sdl\cpp_sdl\x64\debug\utilities\collision2d.obj
d:\github\cpp_sdl\cpp_sdl\x64\debug\utilities\font.obj
d:\github\cpp_sdl\cpp_sdl\x64\debug\utilities\frame.obj
d:\github\cpp_sdl\cpp_sdl\x64\debug\scene\ui\hud.obj
d:\github\cpp_sdl\cpp_sdl\x64\debug\utilities\input.obj
d:\github\cpp_sdl\cpp_sdl\x64\debug\utilities\math.obj
d:\github\cpp_sdl\x64\debug\glew32d.dll
d:\github\cpp_sdl\x64\debug\cpp_sdl.exe
d:\github\cpp_sdl\x64\debug\cpp_sdl.pdb
d:\github\cpp_sdl\cpp_sdl\x64\debug\cpp_sdl.ilk
d:\github\cpp_sdl\cpp_sdl\x64\debug\cpp_sdl.tlog\cl.command.1.tlog
d:\github\cpp_sdl\cpp_sdl\x64\debug\cpp_sdl.tlog\cl.items.tlog
d:\github\cpp_sdl\cpp_sdl\x64\debug\cpp_sdl.tlog\cl.read.1.tlog
d:\github\cpp_sdl\cpp_sdl\x64\debug\cpp_sdl.tlog\cl.write.1.tlog
d:\github\cpp_sdl\cpp_sdl\x64\debug\cpp_sdl.tlog\cpp_sdl.write.1u.tlog
d:\github\cpp_sdl\cpp_sdl\x64\debug\cpp_sdl.tlog\link.command.1.tlog
d:\github\cpp_sdl\cpp_sdl\x64\debug\cpp_sdl.tlog\link.read.1.tlog
d:\github\cpp_sdl\cpp_sdl\x64\debug\cpp_sdl.tlog\link.secondary.1.tlog
d:\github\cpp_sdl\cpp_sdl\x64\debug\cpp_sdl.tlog\link.write.1.tlog
