  SpriteComponent.cpp
D:\Github\Cpp_SDL\Utilities\Math.h(411,29): warning C4244: '引数': 'int' から 'float' への変換です。データが失われる可能性があります。
  (ソース ファイル 'Components/Draw/SpriteComponent.cpp' をコンパイルしています)
  
D:\Github\Cpp_SDL\Scene\MainScene.h(1,1): warning C4828: オフセット 0x5d9 から始まる、現在のソースの文字セット (コードページ 65001) では使用できない文字がファイルに含まれています。
  (ソース ファイル 'Components/Draw/SpriteComponent.cpp' をコンパイルしています)
  
D:\Github\Cpp_SDL\Scene\MainScene.h(1,1): warning C4828: オフセット 0x5db から始まる、現在のソースの文字セット (コードページ 65001) では使用できない文字がファイルに含まれています。
  (ソース ファイル 'Components/Draw/SpriteComponent.cpp' をコンパイルしています)
  
D:\Github\Cpp_SDL\Scene\MainScene.h(1,1): warning C4828: オフセット 0x5dd から始まる、現在のソースの文字セット (コードページ 65001) では使用できない文字がファイルに含まれています。
  (ソース ファイル 'Components/Draw/SpriteComponent.cpp' をコンパイルしています)
  
D:\Github\Cpp_SDL\Scene\MainScene.h(1,1): warning C4828: オフセット 0x5df から始まる、現在のソースの文字セット (コードページ 65001) では使用できない文字がファイルに含まれています。
  (ソース ファイル 'Components/Draw/SpriteComponent.cpp' をコンパイルしています)
  
D:\Github\Cpp_SDL\Scene\MainScene.h(1,1): warning C4828: オフセット 0x5e6 から始まる、現在のソースの文字セット (コードページ 65001) では使用できない文字がファイルに含まれています。
  (ソース ファイル 'Components/Draw/SpriteComponent.cpp' をコンパイルしています)
  
D:\Github\Cpp_SDL\Scene\MainScene.h(1,1): warning C4828: オフセット 0x5e7 から始まる、現在のソースの文字セット (コードページ 65001) では使用できない文字がファイルに含まれています。
  (ソース ファイル 'Components/Draw/SpriteComponent.cpp' をコンパイルしています)
  
D:\Github\Cpp_SDL\Scene\MainScene.h(1,1): warning C4828: オフセット 0x5e8 から始まる、現在のソースの文字セット (コードページ 65001) では使用できない文字がファイルに含まれています。
  (ソース ファイル 'Components/Draw/SpriteComponent.cpp' をコンパイルしています)
  
D:\Github\Cpp_SDL\Scene\MainScene.h(1,1): warning C4828: オフセット 0x619 から始まる、現在のソースの文字セット (コードページ 65001) では使用できない文字がファイルに含まれています。
  (ソース ファイル 'Components/Draw/SpriteComponent.cpp' をコンパイルしています)
  
D:\Github\Cpp_SDL\Scene\MainScene.h(1,1): warning C4828: オフセット 0x61b から始まる、現在のソースの文字セット (コードページ 65001) では使用できない文字がファイルに含まれています。
  (ソース ファイル 'Components/Draw/SpriteComponent.cpp' をコンパイルしています)
  
D:\Github\Cpp_SDL\Scene\MainScene.h(1,1): warning C4828: オフセット 0x61d から始まる、現在のソースの文字セット (コードページ 65001) では使用できない文字がファイルに含まれています。
  (ソース ファイル 'Components/Draw/SpriteComponent.cpp' をコンパイルしています)
  
D:\Github\Cpp_SDL\Scene\MainScene.h(1,1): warning C4828: オフセット 0x61f から始まる、現在のソースの文字セット (コードページ 65001) では使用できない文字がファイルに含まれています。
  (ソース ファイル 'Components/Draw/SpriteComponent.cpp' をコンパイルしています)
  
D:\Github\Cpp_SDL\Scene\MainScene.h(1,1): warning C4828: オフセット 0x622 から始まる、現在のソースの文字セット (コードページ 65001) では使用できない文字がファイルに含まれています。
  (ソース ファイル 'Components/Draw/SpriteComponent.cpp' をコンパイルしています)
  
  TextComponent.cpp
D:\Github\Cpp_SDL\Utilities\Math.h(69,14): warning C4244: 'return': 'double' から 'float' への変換です。データが失われる可能性があります。
  (ソース ファイル 'Components/Draw/TextComponent.cpp' をコンパイルしています)
  
D:\Github\Cpp_SDL\Utilities\Math.h(114,15): warning C4244: 'return': 'double' から 'float' への変換です。データが失われる可能性があります。
  (ソース ファイル 'Components/Draw/TextComponent.cpp' をコンパイルしています)
  
D:\Github\Cpp_SDL\Utilities\Math.h(411,29): warning C4244: '引数': 'int' から 'float' への変換です。データが失われる可能性があります。
  (ソース ファイル 'Components/Draw/TextComponent.cpp' をコンパイルしています)
  
D:\Github\Cpp_SDL\Scene\MainScene.h(1,1): warning C4828: オフセット 0x5d9 から始まる、現在のソースの文字セット (コードページ 65001) では使用できない文字がファイルに含まれています。
  (ソース ファイル 'Components/Draw/TextComponent.cpp' をコンパイルしています)
  
D:\Github\Cpp_SDL\Scene\MainScene.h(1,1): warning C4828: オフセット 0x5db から始まる、現在のソースの文字セット (コードページ 65001) では使用できない文字がファイルに含まれています。
  (ソース ファイル 'Components/Draw/TextComponent.cpp' をコンパイルしています)
  
D:\Github\Cpp_SDL\Scene\MainScene.h(1,1): warning C4828: オフセット 0x5dd から始まる、現在のソースの文字セット (コードページ 65001) では使用できない文字がファイルに含まれています。
  (ソース ファイル 'Components/Draw/TextComponent.cpp' をコンパイルしています)
  
D:\Github\Cpp_SDL\Scene\MainScene.h(1,1): warning C4828: オフセット 0x5df から始まる、現在のソースの文字セット (コードページ 65001) では使用できない文字がファイルに含まれています。
  (ソース ファイル 'Components/Draw/TextComponent.cpp' をコンパイルしています)
  
D:\Github\Cpp_SDL\Scene\MainScene.h(1,1): warning C4828: オフセット 0x5e6 から始まる、現在のソースの文字セット (コードページ 65001) では使用できない文字がファイルに含まれています。
  (ソース ファイル 'Components/Draw/TextComponent.cpp' をコンパイルしています)
  
D:\Github\Cpp_SDL\Scene\MainScene.h(1,1): warning C4828: オフセット 0x5e7 から始まる、現在のソースの文字セット (コードページ 65001) では使用できない文字がファイルに含まれています。
  (ソース ファイル 'Components/Draw/TextComponent.cpp' をコンパイルしています)
  
D:\Github\Cpp_SDL\Scene\MainScene.h(1,1): warning C4828: オフセット 0x5e8 から始まる、現在のソースの文字セット (コードページ 65001) では使用できない文字がファイルに含まれています。
  (ソース ファイル 'Components/Draw/TextComponent.cpp' をコンパイルしています)
  
D:\Github\Cpp_SDL\Scene\MainScene.h(1,1): warning C4828: オフセット 0x619 から始まる、現在のソースの文字セット (コードページ 65001) では使用できない文字がファイルに含まれています。
  (ソース ファイル 'Components/Draw/TextComponent.cpp' をコンパイルしています)
  
D:\Github\Cpp_SDL\Scene\MainScene.h(1,1): warning C4828: オフセット 0x61b から始まる、現在のソースの文字セット (コードページ 65001) では使用できない文字がファイルに含まれています。
  (ソース ファイル 'Components/Draw/TextComponent.cpp' をコンパイルしています)
  
D:\Github\Cpp_SDL\Scene\MainScene.h(1,1): warning C4828: オフセット 0x61d から始まる、現在のソースの文字セット (コードページ 65001) では使用できない文字がファイルに含まれています。
  (ソース ファイル 'Components/Draw/TextComponent.cpp' をコンパイルしています)
  
D:\Github\Cpp_SDL\Scene\MainScene.h(1,1): warning C4828: オフセット 0x61f から始まる、現在のソースの文字セット (コードページ 65001) では使用できない文字がファイルに含まれています。
  (ソース ファイル 'Components/Draw/TextComponent.cpp' をコンパイルしています)
  
D:\Github\Cpp_SDL\Scene\MainScene.h(1,1): warning C4828: オフセット 0x622 から始まる、現在のソースの文字セット (コードページ 65001) では使用できない文字がファイルに含まれています。
  (ソース ファイル 'Components/Draw/TextComponent.cpp' をコンパイルしています)
  
  TextureComponent.cpp
D:\Github\Cpp_SDL\Utilities\Math.h(69,14): warning C4244: 'return': 'double' から 'float' への変換です。データが失われる可能性があります。
  (ソース ファイル 'Components/Draw/TextureComponent.cpp' をコンパイルしています)
  
D:\Github\Cpp_SDL\Utilities\Math.h(114,15): warning C4244: 'return': 'double' から 'float' への変換です。データが失われる可能性があります。
  (ソース ファイル 'Components/Draw/TextureComponent.cpp' をコンパイルしています)
  
D:\Github\Cpp_SDL\Utilities\Math.h(411,29): warning C4244: '引数': 'int' から 'float' への変換です。データが失われる可能性があります。
  (ソース ファイル 'Components/Draw/TextureComponent.cpp' をコンパイルしています)
  
D:\Github\Cpp_SDL\Scene\MainScene.h(1,1): warning C4828: オフセット 0x5d9 から始まる、現在のソースの文字セット (コードページ 65001) では使用できない文字がファイルに含まれています。
  (ソース ファイル 'Components/Draw/TextureComponent.cpp' をコンパイルしています)
  
D:\Github\Cpp_SDL\Scene\MainScene.h(1,1): warning C4828: オフセット 0x5db から始まる、現在のソースの文字セット (コードページ 65001) では使用できない文字がファイルに含まれています。
  (ソース ファイル 'Components/Draw/TextureComponent.cpp' をコンパイルしています)
  
D:\Github\Cpp_SDL\Scene\MainScene.h(1,1): warning C4828: オフセット 0x5dd から始まる、現在のソースの文字セット (コードページ 65001) では使用できない文字がファイルに含まれています。
  (ソース ファイル 'Components/Draw/TextureComponent.cpp' をコンパイルしています)
  
D:\Github\Cpp_SDL\Scene\MainScene.h(1,1): warning C4828: オフセット 0x5df から始まる、現在のソースの文字セット (コードページ 65001) では使用できない文字がファイルに含まれています。
  (ソース ファイル 'Components/Draw/TextureComponent.cpp' をコンパイルしています)
  
D:\Github\Cpp_SDL\Scene\MainScene.h(1,1): warning C4828: オフセット 0x5e6 から始まる、現在のソースの文字セット (コードページ 65001) では使用できない文字がファイルに含まれています。
  (ソース ファイル 'Components/Draw/TextureComponent.cpp' をコンパイルしています)
  
D:\Github\Cpp_SDL\Scene\MainScene.h(1,1): warning C4828: オフセット 0x5e7 から始まる、現在のソースの文字セット (コードページ 65001) では使用できない文字がファイルに含まれています。
  (ソース ファイル 'Components/Draw/TextureComponent.cpp' をコンパイルしています)
  
D:\Github\Cpp_SDL\Scene\MainScene.h(1,1): warning C4828: オフセット 0x5e8 から始まる、現在のソースの文字セット (コードページ 65001) では使用できない文字がファイルに含まれています。
  (ソース ファイル 'Components/Draw/TextureComponent.cpp' をコンパイルしています)
  
D:\Github\Cpp_SDL\Scene\MainScene.h(1,1): warning C4828: オフセット 0x619 から始まる、現在のソースの文字セット (コードページ 65001) では使用できない文字がファイルに含まれています。
  (ソース ファイル 'Components/Draw/TextureComponent.cpp' をコンパイルしています)
  
D:\Github\Cpp_SDL\Scene\MainScene.h(1,1): warning C4828: オフセット 0x61b から始まる、現在のソースの文字セット (コードページ 65001) では使用できない文字がファイルに含まれています。
  (ソース ファイル 'Components/Draw/TextureComponent.cpp' をコンパイルしています)
  
D:\Github\Cpp_SDL\Scene\MainScene.h(1,1): warning C4828: オフセット 0x61d から始まる、現在のソースの文字セット (コードページ 65001) では使用できない文字がファイルに含まれています。
  (ソース ファイル 'Components/Draw/TextureComponent.cpp' をコンパイルしています)
  
D:\Github\Cpp_SDL\Scene\MainScene.h(1,1): warning C4828: オフセット 0x61f から始まる、現在のソースの文字セット (コードページ 65001) では使用できない文字がファイルに含まれています。
  (ソース ファイル 'Components/Draw/TextureComponent.cpp' をコンパイルしています)
  
D:\Github\Cpp_SDL\Scene\MainScene.h(1,1): warning C4828: オフセット 0x622 から始まる、現在のソースの文字セット (コードページ 65001) では使用できない文字がファイルに含まれています。
  (ソース ファイル 'Components/Draw/TextureComponent.cpp' をコンパイルしています)
  
D:\Github\Cpp_SDL\Components\Draw\TextureComponent.cpp(16,13): warning C4244: '初期化中': 'float' から 'int' への変換です。データが失われる可能性があります。
D:\Github\Cpp_SDL\Components\Draw\TextureComponent.cpp(17,14): warning C4244: '初期化中': 'float' から 'int' への変換です。データが失われる可能性があります。
  MoveInputComponent.cpp
D:\Github\Cpp_SDL\Utilities\Math.h(69,14): warning C4244: 'return': 'double' から 'float' への変換です。データが失われる可能性があります。
  (ソース ファイル 'Components/MoveInputComponent.cpp' をコンパイルしています)
  
D:\Github\Cpp_SDL\Utilities\Math.h(114,15): warning C4244: 'return': 'double' から 'float' への変換です。データが失われる可能性があります。
  (ソース ファイル 'Components/MoveInputComponent.cpp' をコンパイルしています)
  
D:\Github\Cpp_SDL\Utilities\Math.h(411,29): warning C4244: '引数': 'int' から 'float' への変換です。データが失われる可能性があります。
  (ソース ファイル 'Components/MoveInputComponent.cpp' をコンパイルしています)
  
D:\Github\Cpp_SDL\Utilities\Frame.h(12,38): warning C4244: 'return': 'const float' から 'Uint64' への変換です。データが失われる可能性があります。
  (ソース ファイル 'Components/MoveInputComponent.cpp' をコンパイルしています)
  
D:\Github\Cpp_SDL\Scene\MainScene.h(1,1): warning C4828: オフセット 0x5d9 から始まる、現在のソースの文字セット (コードページ 65001) では使用できない文字がファイルに含まれています。
  (ソース ファイル 'Components/MoveInputComponent.cpp' をコンパイルしています)
  
D:\Github\Cpp_SDL\Scene\MainScene.h(1,1): warning C4828: オフセット 0x5db から始まる、現在のソースの文字セット (コードページ 65001) では使用できない文字がファイルに含まれています。
  (ソース ファイル 'Components/MoveInputComponent.cpp' をコンパイルしています)
  
D:\Github\Cpp_SDL\Scene\MainScene.h(1,1): warning C4828: オフセット 0x5dd から始まる、現在のソースの文字セット (コードページ 65001) では使用できない文字がファイルに含まれています。
  (ソース ファイル 'Components/MoveInputComponent.cpp' をコンパイルしています)
  
D:\Github\Cpp_SDL\Scene\MainScene.h(1,1): warning C4828: オフセット 0x5df から始まる、現在のソースの文字セット (コードページ 65001) では使用できない文字がファイルに含まれています。
  (ソース ファイル 'Components/MoveInputComponent.cpp' をコンパイルしています)
  
D:\Github\Cpp_SDL\Scene\MainScene.h(1,1): warning C4828: オフセット 0x5e6 から始まる、現在のソースの文字セット (コードページ 65001) では使用できない文字がファイルに含まれています。
  (ソース ファイル 'Components/MoveInputComponent.cpp' をコンパイルしています)
  
D:\Github\Cpp_SDL\Scene\MainScene.h(1,1): warning C4828: オフセット 0x5e7 から始まる、現在のソースの文字セット (コードページ 65001) では使用できない文字がファイルに含まれています。
  (ソース ファイル 'Components/MoveInputComponent.cpp' をコンパイルしています)
  
D:\Github\Cpp_SDL\Scene\MainScene.h(1,1): warning C4828: オフセット 0x5e8 から始まる、現在のソースの文字セット (コードページ 65001) では使用できない文字がファイルに含まれています。
  (ソース ファイル 'Components/MoveInputComponent.cpp' をコンパイルしています)
  
D:\Github\Cpp_SDL\Scene\MainScene.h(1,1): warning C4828: オフセット 0x619 から始まる、現在のソースの文字セット (コードページ 65001) では使用できない文字がファイルに含まれています。
  (ソース ファイル 'Components/MoveInputComponent.cpp' をコンパイルしています)
  
D:\Github\Cpp_SDL\Scene\MainScene.h(1,1): warning C4828: オフセット 0x61b から始まる、現在のソースの文字セット (コードページ 65001) では使用できない文字がファイルに含まれています。
  (ソース ファイル 'Components/MoveInputComponent.cpp' をコンパイルしています)
  
D:\Github\Cpp_SDL\Scene\MainScene.h(1,1): warning C4828: オフセット 0x61d から始まる、現在のソースの文字セット (コードページ 65001) では使用できない文字がファイルに含まれています。
  (ソース ファイル 'Components/MoveInputComponent.cpp' をコンパイルしています)
  
D:\Github\Cpp_SDL\Scene\MainScene.h(1,1): warning C4828: オフセット 0x61f から始まる、現在のソースの文字セット (コードページ 65001) では使用できない文字がファイルに含まれています。
  (ソース ファイル 'Components/MoveInputComponent.cpp' をコンパイルしています)
  
D:\Github\Cpp_SDL\Scene\MainScene.h(1,1): warning C4828: オフセット 0x622 から始まる、現在のソースの文字セット (コードページ 65001) では使用できない文字がファイルに含まれています。
  (ソース ファイル 'Components/MoveInputComponent.cpp' をコンパイルしています)
  
D:\Github\Cpp_SDL\Components\MoveInputComponent.cpp(59,63): warning C4244: '引数': 'float' から 'int' への変換です。データが失われる可能性があります。
D:\Github\Cpp_SDL\Components\MoveInputComponent.cpp(59,57): warning C4244: '引数': 'float' から 'int' への変換です。データが失われる可能性があります。
D:\Github\Cpp_SDL\Components\MoveInputComponent.cpp(60,52): warning C4244: '引数': 'float' から 'int' への変換です。データが失われる可能性があります。
  BoxComponent2D.cpp
D:\Github\Cpp_SDL\Utilities\Math.h(69,14): warning C4244: 'return': 'double' から 'float' への変換です。データが失われる可能性があります。
  (ソース ファイル 'Components/Phys/BoxComponent2D.cpp' をコンパイルしています)
  
D:\Github\Cpp_SDL\Utilities\Math.h(114,15): warning C4244: 'return': 'double' から 'float' への変換です。データが失われる可能性があります。
  (ソース ファイル 'Components/Phys/BoxComponent2D.cpp' をコンパイルしています)
  
D:\Github\Cpp_SDL\Utilities\Math.h(411,29): warning C4244: '引数': 'int' から 'float' への変換です。データが失われる可能性があります。
  (ソース ファイル 'Components/Phys/BoxComponent2D.cpp' をコンパイルしています)
  
D:\Github\Cpp_SDL\Scene\MainScene.h(1,1): warning C4828: オフセット 0x5d9 から始まる、現在のソースの文字セット (コードページ 65001) では使用できない文字がファイルに含まれています。
  (ソース ファイル 'Components/Phys/BoxComponent2D.cpp' をコンパイルしています)
  
D:\Github\Cpp_SDL\Scene\MainScene.h(1,1): warning C4828: オフセット 0x5db から始まる、現在のソースの文字セット (コードページ 65001) では使用できない文字がファイルに含まれています。
  (ソース ファイル 'Components/Phys/BoxComponent2D.cpp' をコンパイルしています)
  
D:\Github\Cpp_SDL\Scene\MainScene.h(1,1): warning C4828: オフセット 0x5dd から始まる、現在のソースの文字セット (コードページ 65001) では使用できない文字がファイルに含まれています。
  (ソース ファイル 'Components/Phys/BoxComponent2D.cpp' をコンパイルしています)
  
D:\Github\Cpp_SDL\Scene\MainScene.h(1,1): warning C4828: オフセット 0x5df から始まる、現在のソースの文字セット (コードページ 65001) では使用できない文字がファイルに含まれています。
  (ソース ファイル 'Components/Phys/BoxComponent2D.cpp' をコンパイルしています)
  
D:\Github\Cpp_SDL\Scene\MainScene.h(1,1): warning C4828: オフセット 0x5e6 から始まる、現在のソースの文字セット (コードページ 65001) では使用できない文字がファイルに含まれています。
  (ソース ファイル 'Components/Phys/BoxComponent2D.cpp' をコンパイルしています)
  
D:\Github\Cpp_SDL\Scene\MainScene.h(1,1): warning C4828: オフセット 0x5e7 から始まる、現在のソースの文字セット (コードページ 65001) では使用できない文字がファイルに含まれています。
  (ソース ファイル 'Components/Phys/BoxComponent2D.cpp' をコンパイルしています)
  
D:\Github\Cpp_SDL\Scene\MainScene.h(1,1): warning C4828: オフセット 0x5e8 から始まる、現在のソースの文字セット (コードページ 65001) では使用できない文字がファイルに含まれています。
  (ソース ファイル 'Components/Phys/BoxComponent2D.cpp' をコンパイルしています)
  
D:\Github\Cpp_SDL\Scene\MainScene.h(1,1): warning C4828: オフセット 0x619 から始まる、現在のソースの文字セット (コードページ 65001) では使用できない文字がファイルに含まれています。
  (ソース ファイル 'Components/Phys/BoxComponent2D.cpp' をコンパイルしています)
  
D:\Github\Cpp_SDL\Scene\MainScene.h(1,1): warning C4828: オフセット 0x61b から始まる、現在のソースの文字セット (コードページ 65001) では使用できない文字がファイルに含まれています。
  (ソース ファイル 'Components/Phys/BoxComponent2D.cpp' をコンパイルしています)
  
D:\Github\Cpp_SDL\Scene\MainScene.h(1,1): warning C4828: オフセット 0x61d から始まる、現在のソースの文字セット (コードページ 65001) では使用できない文字がファイルに含まれています。
  (ソース ファイル 'Components/Phys/BoxComponent2D.cpp' をコンパイルしています)
  
D:\Github\Cpp_SDL\Scene\MainScene.h(1,1): warning C4828: オフセット 0x61f から始まる、現在のソースの文字セット (コードページ 65001) では使用できない文字がファイルに含まれています。
  (ソース ファイル 'Components/Phys/BoxComponent2D.cpp' をコンパイルしています)
  
D:\Github\Cpp_SDL\Scene\MainScene.h(1,1): warning C4828: オフセット 0x622 から始まる、現在のソースの文字セット (コードページ 65001) では使用できない文字がファイルに含まれています。
  (ソース ファイル 'Components/Phys/BoxComponent2D.cpp' をコンパイルしています)
  
D:\Github\Cpp_SDL\Components\Phys\BoxComponent2D.cpp(34,34): warning C4244: '引数': 'float' から 'int' への変換です。データが失われる可能性があります。
D:\Github\Cpp_SDL\Components\Phys\BoxComponent2D.cpp(35,34): warning C4244: '引数': 'float' から 'int' への変換です。データが失われる可能性があります。
  RigidbodyComponent.cpp
D:\Github\Cpp_SDL\Utilities\Math.h(69,14): warning C4244: 'return': 'double' から 'float' への変換です。データが失われる可能性があります。
  (ソース ファイル 'Components/Phys/RigidbodyComponent.cpp' をコンパイルしています)
  
D:\Github\Cpp_SDL\Utilities\Math.h(114,15): warning C4244: 'return': 'double' から 'float' への変換です。データが失われる可能性があります。
  (ソース ファイル 'Components/Phys/RigidbodyComponent.cpp' をコンパイルしています)
  
D:\Github\Cpp_SDL\Utilities\Math.h(411,29): warning C4244: '引数': 'int' から 'float' への変換です。データが失われる可能性があります。
  (ソース ファイル 'Components/Phys/RigidbodyComponent.cpp' をコンパイルしています)
  
D:\Github\Cpp_SDL\Utilities\Frame.h(12,38): warning C4244: 'return': 'const float' から 'Uint64' への変換です。データが失われる可能性があります。
  (ソース ファイル 'Components/Phys/RigidbodyComponent.cpp' をコンパイルしています)
  
D:\Github\Cpp_SDL\Scene\MainScene.h(1,1): warning C4828: オフセット 0x5d9 から始まる、現在のソースの文字セット (コードページ 65001) では使用できない文字がファイルに含まれています。
  (ソース ファイル 'Components/Phys/RigidbodyComponent.cpp' をコンパイルしています)
  
D:\Github\Cpp_SDL\Scene\MainScene.h(1,1): warning C4828: オフセット 0x5db から始まる、現在のソースの文字セット (コードページ 65001) では使用できない文字がファイルに含まれています。
  (ソース ファイル 'Components/Phys/RigidbodyComponent.cpp' をコンパイルしています)
  
D:\Github\Cpp_SDL\Scene\MainScene.h(1,1): warning C4828: オフセット 0x5dd から始まる、現在のソースの文字セット (コードページ 65001) では使用できない文字がファイルに含まれています。
  (ソース ファイル 'Components/Phys/RigidbodyComponent.cpp' をコンパイルしています)
  
D:\Github\Cpp_SDL\Scene\MainScene.h(1,1): warning C4828: オフセット 0x5df から始まる、現在のソースの文字セット (コードページ 65001) では使用できない文字がファイルに含まれています。
  (ソース ファイル 'Components/Phys/RigidbodyComponent.cpp' をコンパイルしています)
  
D:\Github\Cpp_SDL\Scene\MainScene.h(1,1): warning C4828: オフセット 0x5e6 から始まる、現在のソースの文字セット (コードページ 65001) では使用できない文字がファイルに含まれています。
  (ソース ファイル 'Components/Phys/RigidbodyComponent.cpp' をコンパイルしています)
  
D:\Github\Cpp_SDL\Scene\MainScene.h(1,1): warning C4828: オフセット 0x5e7 から始まる、現在のソースの文字セット (コードページ 65001) では使用できない文字がファイルに含まれています。
  (ソース ファイル 'Components/Phys/RigidbodyComponent.cpp' をコンパイルしています)
  
D:\Github\Cpp_SDL\Scene\MainScene.h(1,1): warning C4828: オフセット 0x5e8 から始まる、現在のソースの文字セット (コードページ 65001) では使用できない文字がファイルに含まれています。
  (ソース ファイル 'Components/Phys/RigidbodyComponent.cpp' をコンパイルしています)
  
D:\Github\Cpp_SDL\Scene\MainScene.h(1,1): warning C4828: オフセット 0x619 から始まる、現在のソースの文字セット (コードページ 65001) では使用できない文字がファイルに含まれています。
  (ソース ファイル 'Components/Phys/RigidbodyComponent.cpp' をコンパイルしています)
  
D:\Github\Cpp_SDL\Scene\MainScene.h(1,1): warning C4828: オフセット 0x61b から始まる、現在のソースの文字セット (コードページ 65001) では使用できない文字がファイルに含まれています。
  (ソース ファイル 'Components/Phys/RigidbodyComponent.cpp' をコンパイルしています)
  
D:\Github\Cpp_SDL\Scene\MainScene.h(1,1): warning C4828: オフセット 0x61d から始まる、現在のソースの文字セット (コードページ 65001) では使用できない文字がファイルに含まれています。
  (ソース ファイル 'Components/Phys/RigidbodyComponent.cpp' をコンパイルしています)
  
D:\Github\Cpp_SDL\Scene\MainScene.h(1,1): warning C4828: オフセット 0x61f から始まる、現在のソースの文字セット (コードページ 65001) では使用できない文字がファイルに含まれています。
  (ソース ファイル 'Components/Phys/RigidbodyComponent.cpp' をコンパイルしています)
  
D:\Github\Cpp_SDL\Scene\MainScene.h(1,1): warning C4828: オフセット 0x622 から始まる、現在のソースの文字セット (コードページ 65001) では使用できない文字がファイルに含まれています。
  (ソース ファイル 'Components/Phys/RigidbodyComponent.cpp' をコンパイルしています)
  
D:\Github\Cpp_SDL\Components\Phys\RigidbodyComponent.cpp(73,70): warning C4244: '引数': 'float' から 'int' への変換です。データが失われる可能性があります。
D:\Github\Cpp_SDL\Components\Phys\RigidbodyComponent.cpp(73,64): warning C4244: '引数': 'float' から 'int' への変換です。データが失われる可能性があります。
D:\Github\Cpp_SDL\Components\Phys\RigidbodyComponent.cpp(74,59): warning C4244: '引数': 'float' から 'int' への変換です。データが失われる可能性があります。
  TileMapComponent.cpp
D:\Github\Cpp_SDL\Utilities\Math.h(411,29): warning C4244: '引数': 'int' から 'float' への変換です。データが失われる可能性があります。
  (ソース ファイル 'Components/TileMapComponent.cpp' をコンパイルしています)
  
D:\Github\Cpp_SDL\Scene\MainScene.h(1,1): warning C4828: オフセット 0x5d9 から始まる、現在のソースの文字セット (コードページ 65001) では使用できない文字がファイルに含まれています。
  (ソース ファイル 'Components/TileMapComponent.cpp' をコンパイルしています)
  
D:\Github\Cpp_SDL\Scene\MainScene.h(1,1): warning C4828: オフセット 0x5db から始まる、現在のソースの文字セット (コードページ 65001) では使用できない文字がファイルに含まれています。
  (ソース ファイル 'Components/TileMapComponent.cpp' をコンパイルしています)
  
D:\Github\Cpp_SDL\Scene\MainScene.h(1,1): warning C4828: オフセット 0x5dd から始まる、現在のソースの文字セット (コードページ 65001) では使用できない文字がファイルに含まれています。
  (ソース ファイル 'Components/TileMapComponent.cpp' をコンパイルしています)
  
D:\Github\Cpp_SDL\Scene\MainScene.h(1,1): warning C4828: オフセット 0x5df から始まる、現在のソースの文字セット (コードページ 65001) では使用できない文字がファイルに含まれています。
  (ソース ファイル 'Components/TileMapComponent.cpp' をコンパイルしています)
  
D:\Github\Cpp_SDL\Scene\MainScene.h(1,1): warning C4828: オフセット 0x5e6 から始まる、現在のソースの文字セット (コードページ 65001) では使用できない文字がファイルに含まれています。
  (ソース ファイル 'Components/TileMapComponent.cpp' をコンパイルしています)
  
D:\Github\Cpp_SDL\Scene\MainScene.h(1,1): warning C4828: オフセット 0x5e7 から始まる、現在のソースの文字セット (コードページ 65001) では使用できない文字がファイルに含まれています。
  (ソース ファイル 'Components/TileMapComponent.cpp' をコンパイルしています)
  
D:\Github\Cpp_SDL\Scene\MainScene.h(1,1): warning C4828: オフセット 0x5e8 から始まる、現在のソースの文字セット (コードページ 65001) では使用できない文字がファイルに含まれています。
  (ソース ファイル 'Components/TileMapComponent.cpp' をコンパイルしています)
  
D:\Github\Cpp_SDL\Scene\MainScene.h(1,1): warning C4828: オフセット 0x619 から始まる、現在のソースの文字セット (コードページ 65001) では使用できない文字がファイルに含まれています。
  (ソース ファイル 'Components/TileMapComponent.cpp' をコンパイルしています)
  
D:\Github\Cpp_SDL\Scene\MainScene.h(1,1): warning C4828: オフセット 0x61b から始まる、現在のソースの文字セット (コードページ 65001) では使用できない文字がファイルに含まれています。
  (ソース ファイル 'Components/TileMapComponent.cpp' をコンパイルしています)
  
D:\Github\Cpp_SDL\Scene\MainScene.h(1,1): warning C4828: オフセット 0x61d から始まる、現在のソースの文字セット (コードページ 65001) では使用できない文字がファイルに含まれています。
  (ソース ファイル 'Components/TileMapComponent.cpp' をコンパイルしています)
  
D:\Github\Cpp_SDL\Scene\MainScene.h(1,1): warning C4828: オフセット 0x61f から始まる、現在のソースの文字セット (コードページ 65001) では使用できない文字がファイルに含まれています。
  (ソース ファイル 'Components/TileMapComponent.cpp' をコンパイルしています)
  
D:\Github\Cpp_SDL\Scene\MainScene.h(1,1): warning C4828: オフセット 0x622 から始まる、現在のソースの文字セット (コードページ 65001) では使用できない文字がファイルに含まれています。
  (ソース ファイル 'Components/TileMapComponent.cpp' をコンパイルしています)
  
  Game.cpp
D:\Github\Cpp_SDL\Utilities\Math.h(411,29): warning C4244: '引数': 'int' から 'float' への変換です。データが失われる可能性があります。
  (ソース ファイル 'Core/Game.cpp' をコンパイルしています)
  
D:\Github\Cpp_SDL\Scene\MainScene.h(1,1): warning C4828: オフセット 0x5d9 から始まる、現在のソースの文字セット (コードページ 65001) では使用できない文字がファイルに含まれています。
  (ソース ファイル 'Core/Game.cpp' をコンパイルしています)
  
D:\Github\Cpp_SDL\Scene\MainScene.h(1,1): warning C4828: オフセット 0x5db から始まる、現在のソースの文字セット (コードページ 65001) では使用できない文字がファイルに含まれています。
  (ソース ファイル 'Core/Game.cpp' をコンパイルしています)
  
D:\Github\Cpp_SDL\Scene\MainScene.h(1,1): warning C4828: オフセット 0x5dd から始まる、現在のソースの文字セット (コードページ 65001) では使用できない文字がファイルに含まれています。
  (ソース ファイル 'Core/Game.cpp' をコンパイルしています)
  
D:\Github\Cpp_SDL\Scene\MainScene.h(1,1): warning C4828: オフセット 0x5df から始まる、現在のソースの文字セット (コードページ 65001) では使用できない文字がファイルに含まれています。
  (ソース ファイル 'Core/Game.cpp' をコンパイルしています)
  
D:\Github\Cpp_SDL\Scene\MainScene.h(1,1): warning C4828: オフセット 0x5e6 から始まる、現在のソースの文字セット (コードページ 65001) では使用できない文字がファイルに含まれています。
  (ソース ファイル 'Core/Game.cpp' をコンパイルしています)
  
D:\Github\Cpp_SDL\Scene\MainScene.h(1,1): warning C4828: オフセット 0x5e7 から始まる、現在のソースの文字セット (コードページ 65001) では使用できない文字がファイルに含まれています。
  (ソース ファイル 'Core/Game.cpp' をコンパイルしています)
  
D:\Github\Cpp_SDL\Scene\MainScene.h(1,1): warning C4828: オフセット 0x5e8 から始まる、現在のソースの文字セット (コードページ 65001) では使用できない文字がファイルに含まれています。
  (ソース ファイル 'Core/Game.cpp' をコンパイルしています)
  
D:\Github\Cpp_SDL\Scene\MainScene.h(1,1): warning C4828: オフセット 0x619 から始まる、現在のソースの文字セット (コードページ 65001) では使用できない文字がファイルに含まれています。
  (ソース ファイル 'Core/Game.cpp' をコンパイルしています)
  
D:\Github\Cpp_SDL\Scene\MainScene.h(1,1): warning C4828: オフセット 0x61b から始まる、現在のソースの文字セット (コードページ 65001) では使用できない文字がファイルに含まれています。
  (ソース ファイル 'Core/Game.cpp' をコンパイルしています)
  
D:\Github\Cpp_SDL\Scene\MainScene.h(1,1): warning C4828: オフセット 0x61d から始まる、現在のソースの文字セット (コードページ 65001) では使用できない文字がファイルに含まれています。
  (ソース ファイル 'Core/Game.cpp' をコンパイルしています)
  
D:\Github\Cpp_SDL\Scene\MainScene.h(1,1): warning C4828: オフセット 0x61f から始まる、現在のソースの文字セット (コードページ 65001) では使用できない文字がファイルに含まれています。
  (ソース ファイル 'Core/Game.cpp' をコンパイルしています)
  
D:\Github\Cpp_SDL\Scene\MainScene.h(1,1): warning C4828: オフセット 0x622 から始まる、現在のソースの文字セット (コードページ 65001) では使用できない文字がファイルに含まれています。
  (ソース ファイル 'Core/Game.cpp' をコンパイルしています)
  
D:\Github\Cpp_SDL\Utilities\Frame.h(12,38): warning C4244: 'return': 'const float' から 'Uint64' への変換です。データが失われる可能性があります。
  (ソース ファイル 'Core/Game.cpp' をコンパイルしています)
  
  Renderer.cpp
D:\Github\Cpp_SDL\Utilities\Math.h(69,14): warning C4244: 'return': 'double' から 'float' への変換です。データが失われる可能性があります。
  (ソース ファイル 'Renderer/Renderer.cpp' をコンパイルしています)
  
D:\Github\Cpp_SDL\Utilities\Math.h(114,15): warning C4244: 'return': 'double' から 'float' への変換です。データが失われる可能性があります。
  (ソース ファイル 'Renderer/Renderer.cpp' をコンパイルしています)
  
D:\Github\Cpp_SDL\Utilities\Math.h(411,29): warning C4244: '引数': 'int' から 'float' への変換です。データが失われる可能性があります。
  (ソース ファイル 'Renderer/Renderer.cpp' をコンパイルしています)
  
D:\Github\Cpp_SDL\Scene\MainScene.h(1,1): warning C4828: オフセット 0x5d9 から始まる、現在のソースの文字セット (コードページ 65001) では使用できない文字がファイルに含まれています。
  (ソース ファイル 'Renderer/Renderer.cpp' をコンパイルしています)
  
D:\Github\Cpp_SDL\Scene\MainScene.h(1,1): warning C4828: オフセット 0x5db から始まる、現在のソースの文字セット (コードページ 65001) では使用できない文字がファイルに含まれています。
  (ソース ファイル 'Renderer/Renderer.cpp' をコンパイルしています)
  
D:\Github\Cpp_SDL\Scene\MainScene.h(1,1): warning C4828: オフセット 0x5dd から始まる、現在のソースの文字セット (コードページ 65001) では使用できない文字がファイルに含まれています。
  (ソース ファイル 'Renderer/Renderer.cpp' をコンパイルしています)
  
D:\Github\Cpp_SDL\Scene\MainScene.h(1,1): warning C4828: オフセット 0x5df から始まる、現在のソースの文字セット (コードページ 65001) では使用できない文字がファイルに含まれています。
  (ソース ファイル 'Renderer/Renderer.cpp' をコンパイルしています)
  
D:\Github\Cpp_SDL\Scene\MainScene.h(1,1): warning C4828: オフセット 0x5e6 から始まる、現在のソースの文字セット (コードページ 65001) では使用できない文字がファイルに含まれています。
  (ソース ファイル 'Renderer/Renderer.cpp' をコンパイルしています)
  
D:\Github\Cpp_SDL\Scene\MainScene.h(1,1): warning C4828: オフセット 0x5e7 から始まる、現在のソースの文字セット (コードページ 65001) では使用できない文字がファイルに含まれています。
  (ソース ファイル 'Renderer/Renderer.cpp' をコンパイルしています)
  
D:\Github\Cpp_SDL\Scene\MainScene.h(1,1): warning C4828: オフセット 0x5e8 から始まる、現在のソースの文字セット (コードページ 65001) では使用できない文字がファイルに含まれています。
  (ソース ファイル 'Renderer/Renderer.cpp' をコンパイルしています)
  
D:\Github\Cpp_SDL\Scene\MainScene.h(1,1): warning C4828: オフセット 0x619 から始まる、現在のソースの文字セット (コードページ 65001) では使用できない文字がファイルに含まれています。
  (ソース ファイル 'Renderer/Renderer.cpp' をコンパイルしています)
  
D:\Github\Cpp_SDL\Scene\MainScene.h(1,1): warning C4828: オフセット 0x61b から始まる、現在のソースの文字セット (コードページ 65001) では使用できない文字がファイルに含まれています。
  (ソース ファイル 'Renderer/Renderer.cpp' をコンパイルしています)
  
D:\Github\Cpp_SDL\Scene\MainScene.h(1,1): warning C4828: オフセット 0x61d から始まる、現在のソースの文字セット (コードページ 65001) では使用できない文字がファイルに含まれています。
  (ソース ファイル 'Renderer/Renderer.cpp' をコンパイルしています)
  
D:\Github\Cpp_SDL\Scene\MainScene.h(1,1): warning C4828: オフセット 0x61f から始まる、現在のソースの文字セット (コードページ 65001) では使用できない文字がファイルに含まれています。
  (ソース ファイル 'Renderer/Renderer.cpp' をコンパイルしています)
  
D:\Github\Cpp_SDL\Scene\MainScene.h(1,1): warning C4828: オフセット 0x622 から始まる、現在のソースの文字セット (コードページ 65001) では使用できない文字がファイルに含まれています。
  (ソース ファイル 'Renderer/Renderer.cpp' をコンパイルしています)
  
D:\Github\Cpp_SDL\Renderer\Renderer.cpp(59,54): warning C4244: '引数': 'float' から 'int' への変換です。データが失われる可能性があります。
D:\Github\Cpp_SDL\Renderer\Renderer.cpp(59,40): warning C4244: '引数': 'float' から 'int' への変換です。データが失われる可能性があります。
D:\Github\Cpp_SDL\Renderer\Renderer.cpp(128,40): warning C4244: '引数': 'float' から 'GLsizei' への変換です。データが失われる可能性があります。
D:\Github\Cpp_SDL\Renderer\Renderer.cpp(128,26): warning C4244: '引数': 'float' から 'GLsizei' への変換です。データが失われる可能性があります。
D:\Github\Cpp_SDL\Renderer\Renderer.cpp(148,33): warning C4244: '=': 'int' から 'float' への変換です。データが失われる可能性があります。
D:\Github\Cpp_SDL\Renderer\Renderer.cpp(161,36): warning C4244: '引数': 'float' から 'GLsizei' への変換です。データが失われる可能性があります。
D:\Github\Cpp_SDL\Renderer\Renderer.cpp(161,22): warning C4244: '引数': 'float' から 'GLsizei' への変換です。データが失われる可能性があります。
D:\Github\Cpp_SDL\Renderer\Renderer.cpp(237,63): warning C4244: '引数': 'float' から 'GLsizei' への変換です。データが失われる可能性があります。
D:\Github\Cpp_SDL\Renderer\Renderer.cpp(237,49): warning C4244: '引数': 'float' から 'GLsizei' への変換です。データが失われる可能性があります。
D:\Github\Cpp_SDL\Renderer\Renderer.cpp(258,59): warning C4244: '引数': 'float' から 'GLsizei' への変換です。データが失われる可能性があります。
D:\Github\Cpp_SDL\Renderer\Renderer.cpp(258,45): warning C4244: '引数': 'float' から 'GLsizei' への変換です。データが失われる可能性があります。
  PlaySubScene.cpp
D:\Github\Cpp_SDL\Utilities\Math.h(69,14): warning C4244: 'return': 'double' から 'float' への変換です。データが失われる可能性があります。
  (ソース ファイル 'Scene/Game/PlaySubScene.cpp' をコンパイルしています)
  
D:\Github\Cpp_SDL\Utilities\Math.h(114,15): warning C4244: 'return': 'double' から 'float' への変換です。データが失われる可能性があります。
  (ソース ファイル 'Scene/Game/PlaySubScene.cpp' をコンパイルしています)
  
D:\Github\Cpp_SDL\Utilities\Math.h(411,29): warning C4244: '引数': 'int' から 'float' への変換です。データが失われる可能性があります。
  (ソース ファイル 'Scene/Game/PlaySubScene.cpp' をコンパイルしています)
  
D:\Github\Cpp_SDL\Scene\MainScene.h(1,1): warning C4828: オフセット 0x5d9 から始まる、現在のソースの文字セット (コードページ 65001) では使用できない文字がファイルに含まれています。
  (ソース ファイル 'Scene/Game/PlaySubScene.cpp' をコンパイルしています)
  
D:\Github\Cpp_SDL\Scene\MainScene.h(1,1): warning C4828: オフセット 0x5db から始まる、現在のソースの文字セット (コードページ 65001) では使用できない文字がファイルに含まれています。
  (ソース ファイル 'Scene/Game/PlaySubScene.cpp' をコンパイルしています)
  
D:\Github\Cpp_SDL\Scene\MainScene.h(1,1): warning C4828: オフセット 0x5dd から始まる、現在のソースの文字セット (コードページ 65001) では使用できない文字がファイルに含まれています。
  (ソース ファイル 'Scene/Game/PlaySubScene.cpp' をコンパイルしています)
  
D:\Github\Cpp_SDL\Scene\MainScene.h(1,1): warning C4828: オフセット 0x5df から始まる、現在のソースの文字セット (コードページ 65001) では使用できない文字がファイルに含まれています。
  (ソース ファイル 'Scene/Game/PlaySubScene.cpp' をコンパイルしています)
  
D:\Github\Cpp_SDL\Scene\MainScene.h(1,1): warning C4828: オフセット 0x5e6 から始まる、現在のソースの文字セット (コードページ 65001) では使用できない文字がファイルに含まれています。
  (ソース ファイル 'Scene/Game/PlaySubScene.cpp' をコンパイルしています)
  
D:\Github\Cpp_SDL\Scene\MainScene.h(1,1): warning C4828: オフセット 0x5e7 から始まる、現在のソースの文字セット (コードページ 65001) では使用できない文字がファイルに含まれています。
  (ソース ファイル 'Scene/Game/PlaySubScene.cpp' をコンパイルしています)
  
D:\Github\Cpp_SDL\Scene\MainScene.h(1,1): warning C4828: オフセット 0x5e8 から始まる、現在のソースの文字セット (コードページ 65001) では使用できない文字がファイルに含まれています。
  (ソース ファイル 'Scene/Game/PlaySubScene.cpp' をコンパイルしています)
  
D:\Github\Cpp_SDL\Scene\MainScene.h(1,1): warning C4828: オフセット 0x619 から始まる、現在のソースの文字セット (コードページ 65001) では使用できない文字がファイルに含まれています。
  (ソース ファイル 'Scene/Game/PlaySubScene.cpp' をコンパイルしています)
  
D:\Github\Cpp_SDL\Scene\MainScene.h(1,1): warning C4828: オフセット 0x61b から始まる、現在のソースの文字セット (コードページ 65001) では使用できない文字がファイルに含まれています。
  (ソース ファイル 'Scene/Game/PlaySubScene.cpp' をコンパイルしています)
  
D:\Github\Cpp_SDL\Scene\MainScene.h(1,1): warning C4828: オフセット 0x61d から始まる、現在のソースの文字セット (コードページ 65001) では使用できない文字がファイルに含まれています。
  (ソース ファイル 'Scene/Game/PlaySubScene.cpp' をコンパイルしています)
  
D:\Github\Cpp_SDL\Scene\MainScene.h(1,1): warning C4828: オフセット 0x61f から始まる、現在のソースの文字セット (コードページ 65001) では使用できない文字がファイルに含まれています。
  (ソース ファイル 'Scene/Game/PlaySubScene.cpp' をコンパイルしています)
  
D:\Github\Cpp_SDL\Scene\MainScene.h(1,1): warning C4828: オフセット 0x622 から始まる、現在のソースの文字セット (コードページ 65001) では使用できない文字がファイルに含まれています。
  (ソース ファイル 'Scene/Game/PlaySubScene.cpp' をコンパイルしています)
  
  MainScene.cpp
D:\Github\Cpp_SDL\Scene\MainScene.h(1,1): warning C4828: オフセット 0x5d9 から始まる、現在のソースの文字セット (コードページ 65001) では使用できない文字がファイルに含まれています。
  (ソース ファイル 'Scene/MainScene.cpp' をコンパイルしています)
  
D:\Github\Cpp_SDL\Scene\MainScene.h(1,1): warning C4828: オフセット 0x5db から始まる、現在のソースの文字セット (コードページ 65001) では使用できない文字がファイルに含まれています。
  (ソース ファイル 'Scene/MainScene.cpp' をコンパイルしています)
  
D:\Github\Cpp_SDL\Scene\MainScene.h(1,1): warning C4828: オフセット 0x5dd から始まる、現在のソースの文字セット (コードページ 65001) では使用できない文字がファイルに含まれています。
  (ソース ファイル 'Scene/MainScene.cpp' をコンパイルしています)
  
D:\Github\Cpp_SDL\Scene\MainScene.h(1,1): warning C4828: オフセット 0x5df から始まる、現在のソースの文字セット (コードページ 65001) では使用できない文字がファイルに含まれています。
  (ソース ファイル 'Scene/MainScene.cpp' をコンパイルしています)
  
D:\Github\Cpp_SDL\Scene\MainScene.h(1,1): warning C4828: オフセット 0x5e6 から始まる、現在のソースの文字セット (コードページ 65001) では使用できない文字がファイルに含まれています。
  (ソース ファイル 'Scene/MainScene.cpp' をコンパイルしています)
  
D:\Github\Cpp_SDL\Scene\MainScene.h(1,1): warning C4828: オフセット 0x5e7 から始まる、現在のソースの文字セット (コードページ 65001) では使用できない文字がファイルに含まれています。
  (ソース ファイル 'Scene/MainScene.cpp' をコンパイルしています)
  
D:\Github\Cpp_SDL\Scene\MainScene.h(1,1): warning C4828: オフセット 0x5e8 から始まる、現在のソースの文字セット (コードページ 65001) では使用できない文字がファイルに含まれています。
  (ソース ファイル 'Scene/MainScene.cpp' をコンパイルしています)
  
D:\Github\Cpp_SDL\Scene\MainScene.h(1,1): warning C4828: オフセット 0x619 から始まる、現在のソースの文字セット (コードページ 65001) では使用できない文字がファイルに含まれています。
  (ソース ファイル 'Scene/MainScene.cpp' をコンパイルしています)
  
D:\Github\Cpp_SDL\Scene\MainScene.h(1,1): warning C4828: オフセット 0x61b から始まる、現在のソースの文字セット (コードページ 65001) では使用できない文字がファイルに含まれています。
  (ソース ファイル 'Scene/MainScene.cpp' をコンパイルしています)
  
D:\Github\Cpp_SDL\Scene\MainScene.h(1,1): warning C4828: オフセット 0x61d から始まる、現在のソースの文字セット (コードページ 65001) では使用できない文字がファイルに含まれています。
  (ソース ファイル 'Scene/MainScene.cpp' をコンパイルしています)
  
D:\Github\Cpp_SDL\Scene\MainScene.h(1,1): warning C4828: オフセット 0x61f から始まる、現在のソースの文字セット (コードページ 65001) では使用できない文字がファイルに含まれています。
  (ソース ファイル 'Scene/MainScene.cpp' をコンパイルしています)
  
D:\Github\Cpp_SDL\Scene\MainScene.h(1,1): warning C4828: オフセット 0x622 から始まる、現在のソースの文字セット (コードページ 65001) では使用できない文字がファイルに含まれています。
  (ソース ファイル 'Scene/MainScene.cpp' をコンパイルしています)
  
D:\Github\Cpp_SDL\Utilities\Math.h(69,14): warning C4244: 'return': 'double' から 'float' への変換です。データが失われる可能性があります。
  (ソース ファイル 'Scene/MainScene.cpp' をコンパイルしています)
  
D:\Github\Cpp_SDL\Utilities\Math.h(114,15): warning C4244: 'return': 'double' から 'float' への変換です。データが失われる可能性があります。
  (ソース ファイル 'Scene/MainScene.cpp' をコンパイルしています)
  
D:\Github\Cpp_SDL\Utilities\Math.h(411,29): warning C4244: '引数': 'int' から 'float' への変換です。データが失われる可能性があります。
  (ソース ファイル 'Scene/MainScene.cpp' をコンパイルしています)
  
  SceneManager.cpp
D:\Github\Cpp_SDL\Scene\MainScene.h(1,1): warning C4828: オフセット 0x5d9 から始まる、現在のソースの文字セット (コードページ 65001) では使用できない文字がファイルに含まれています。
  (ソース ファイル 'Scene/SceneManager.cpp' をコンパイルしています)
  
D:\Github\Cpp_SDL\Scene\MainScene.h(1,1): warning C4828: オフセット 0x5db から始まる、現在のソースの文字セット (コードページ 65001) では使用できない文字がファイルに含まれています。
  (ソース ファイル 'Scene/SceneManager.cpp' をコンパイルしています)
  
D:\Github\Cpp_SDL\Scene\MainScene.h(1,1): warning C4828: オフセット 0x5dd から始まる、現在のソースの文字セット (コードページ 65001) では使用できない文字がファイルに含まれています。
  (ソース ファイル 'Scene/SceneManager.cpp' をコンパイルしています)
  
D:\Github\Cpp_SDL\Scene\MainScene.h(1,1): warning C4828: オフセット 0x5df から始まる、現在のソースの文字セット (コードページ 65001) では使用できない文字がファイルに含まれています。
  (ソース ファイル 'Scene/SceneManager.cpp' をコンパイルしています)
  
D:\Github\Cpp_SDL\Scene\MainScene.h(1,1): warning C4828: オフセット 0x5e6 から始まる、現在のソースの文字セット (コードページ 65001) では使用できない文字がファイルに含まれています。
  (ソース ファイル 'Scene/SceneManager.cpp' をコンパイルしています)
  
D:\Github\Cpp_SDL\Scene\MainScene.h(1,1): warning C4828: オフセット 0x5e7 から始まる、現在のソースの文字セット (コードページ 65001) では使用できない文字がファイルに含まれています。
  (ソース ファイル 'Scene/SceneManager.cpp' をコンパイルしています)
  
D:\Github\Cpp_SDL\Scene\MainScene.h(1,1): warning C4828: オフセット 0x5e8 から始まる、現在のソースの文字セット (コードページ 65001) では使用できない文字がファイルに含まれています。
  (ソース ファイル 'Scene/SceneManager.cpp' をコンパイルしています)
  
D:\Github\Cpp_SDL\Scene\MainScene.h(1,1): warning C4828: オフセット 0x619 から始まる、現在のソースの文字セット (コードページ 65001) では使用できない文字がファイルに含まれています。
  (ソース ファイル 'Scene/SceneManager.cpp' をコンパイルしています)
  
D:\Github\Cpp_SDL\Scene\MainScene.h(1,1): warning C4828: オフセット 0x61b から始まる、現在のソースの文字セット (コードページ 65001) では使用できない文字がファイルに含まれています。
  (ソース ファイル 'Scene/SceneManager.cpp' をコンパイルしています)
  
D:\Github\Cpp_SDL\Scene\MainScene.h(1,1): warning C4828: オフセット 0x61d から始まる、現在のソースの文字セット (コードページ 65001) では使用できない文字がファイルに含まれています。
  (ソース ファイル 'Scene/SceneManager.cpp' をコンパイルしています)
  
D:\Github\Cpp_SDL\Scene\MainScene.h(1,1): warning C4828: オフセット 0x61f から始まる、現在のソースの文字セット (コードページ 65001) では使用できない文字がファイルに含まれています。
  (ソース ファイル 'Scene/SceneManager.cpp' をコンパイルしています)
  
D:\Github\Cpp_SDL\Scene\MainScene.h(1,1): warning C4828: オフセット 0x622 から始まる、現在のソースの文字セット (コードページ 65001) では使用できない文字がファイルに含まれています。
  (ソース ファイル 'Scene/SceneManager.cpp' をコンパイルしています)
  
D:\Github\Cpp_SDL\Utilities\Math.h(411,29): warning C4244: '引数': 'int' から 'float' への変換です。データが失われる可能性があります。
  (ソース ファイル 'Scene/SceneManager.cpp' をコンパイルしています)
  
  TestScene.cpp
D:\Github\Cpp_SDL\Scene\MainScene.h(1,1): warning C4828: オフセット 0x5d9 から始まる、現在のソースの文字セット (コードページ 65001) では使用できない文字がファイルに含まれています。
  (ソース ファイル 'Scene/Game/TestScene.cpp' をコンパイルしています)
  
D:\Github\Cpp_SDL\Scene\MainScene.h(1,1): warning C4828: オフセット 0x5db から始まる、現在のソースの文字セット (コードページ 65001) では使用できない文字がファイルに含まれています。
  (ソース ファイル 'Scene/Game/TestScene.cpp' をコンパイルしています)
  
D:\Github\Cpp_SDL\Scene\MainScene.h(1,1): warning C4828: オフセット 0x5dd から始まる、現在のソースの文字セット (コードページ 65001) では使用できない文字がファイルに含まれています。
  (ソース ファイル 'Scene/Game/TestScene.cpp' をコンパイルしています)
  
D:\Github\Cpp_SDL\Scene\MainScene.h(1,1): warning C4828: オフセット 0x5df から始まる、現在のソースの文字セット (コードページ 65001) では使用できない文字がファイルに含まれています。
  (ソース ファイル 'Scene/Game/TestScene.cpp' をコンパイルしています)
  
D:\Github\Cpp_SDL\Scene\MainScene.h(1,1): warning C4828: オフセット 0x5e6 から始まる、現在のソースの文字セット (コードページ 65001) では使用できない文字がファイルに含まれています。
  (ソース ファイル 'Scene/Game/TestScene.cpp' をコンパイルしています)
  
D:\Github\Cpp_SDL\Scene\MainScene.h(1,1): warning C4828: オフセット 0x5e7 から始まる、現在のソースの文字セット (コードページ 65001) では使用できない文字がファイルに含まれています。
  (ソース ファイル 'Scene/Game/TestScene.cpp' をコンパイルしています)
  
D:\Github\Cpp_SDL\Scene\MainScene.h(1,1): warning C4828: オフセット 0x5e8 から始まる、現在のソースの文字セット (コードページ 65001) では使用できない文字がファイルに含まれています。
  (ソース ファイル 'Scene/Game/TestScene.cpp' をコンパイルしています)
  
D:\Github\Cpp_SDL\Scene\MainScene.h(1,1): warning C4828: オフセット 0x619 から始まる、現在のソースの文字セット (コードページ 65001) では使用できない文字がファイルに含まれています。
  (ソース ファイル 'Scene/Game/TestScene.cpp' をコンパイルしています)
  
D:\Github\Cpp_SDL\Scene\MainScene.h(1,1): warning C4828: オフセット 0x61b から始まる、現在のソースの文字セット (コードページ 65001) では使用できない文字がファイルに含まれています。
  (ソース ファイル 'Scene/Game/TestScene.cpp' をコンパイルしています)
  
D:\Github\Cpp_SDL\Scene\MainScene.h(1,1): warning C4828: オフセット 0x61d から始まる、現在のソースの文字セット (コードページ 65001) では使用できない文字がファイルに含まれています。
  (ソース ファイル 'Scene/Game/TestScene.cpp' をコンパイルしています)
  
D:\Github\Cpp_SDL\Scene\MainScene.h(1,1): warning C4828: オフセット 0x61f から始まる、現在のソースの文字セット (コードページ 65001) では使用できない文字がファイルに含まれています。
  (ソース ファイル 'Scene/Game/TestScene.cpp' をコンパイルしています)
  
D:\Github\Cpp_SDL\Scene\MainScene.h(1,1): warning C4828: オフセット 0x622 から始まる、現在のソースの文字セット (コードページ 65001) では使用できない文字がファイルに含まれています。
  (ソース ファイル 'Scene/Game/TestScene.cpp' をコンパイルしています)
  
D:\Github\Cpp_SDL\Utilities\Math.h(69,14): warning C4244: 'return': 'double' から 'float' への変換です。データが失われる可能性があります。
  (ソース ファイル 'Scene/Game/TestScene.cpp' をコンパイルしています)
  
D:\Github\Cpp_SDL\Utilities\Math.h(114,15): warning C4244: 'return': 'double' から 'float' への変換です。データが失われる可能性があります。
  (ソース ファイル 'Scene/Game/TestScene.cpp' をコンパイルしています)
  
D:\Github\Cpp_SDL\Utilities\Math.h(411,29): warning C4244: '引数': 'int' から 'float' への変換です。データが失われる可能性があります。
  (ソース ファイル 'Scene/Game/TestScene.cpp' をコンパイルしています)
  
  TitleScene.cpp
D:\Github\Cpp_SDL\Scene\MainScene.h(1,1): warning C4828: オフセット 0x5d9 から始まる、現在のソースの文字セット (コードページ 65001) では使用できない文字がファイルに含まれています。
  (ソース ファイル 'Scene/Game/Title/TitleScene.cpp' をコンパイルしています)
  
D:\Github\Cpp_SDL\Scene\MainScene.h(1,1): warning C4828: オフセット 0x5db から始まる、現在のソースの文字セット (コードページ 65001) では使用できない文字がファイルに含まれています。
  (ソース ファイル 'Scene/Game/Title/TitleScene.cpp' をコンパイルしています)
  
D:\Github\Cpp_SDL\Scene\MainScene.h(1,1): warning C4828: オフセット 0x5dd から始まる、現在のソースの文字セット (コードページ 65001) では使用できない文字がファイルに含まれています。
  (ソース ファイル 'Scene/Game/Title/TitleScene.cpp' をコンパイルしています)
  
D:\Github\Cpp_SDL\Scene\MainScene.h(1,1): warning C4828: オフセット 0x5df から始まる、現在のソースの文字セット (コードページ 65001) では使用できない文字がファイルに含まれています。
  (ソース ファイル 'Scene/Game/Title/TitleScene.cpp' をコンパイルしています)
  
D:\Github\Cpp_SDL\Scene\MainScene.h(1,1): warning C4828: オフセット 0x5e6 から始まる、現在のソースの文字セット (コードページ 65001) では使用できない文字がファイルに含まれています。
  (ソース ファイル 'Scene/Game/Title/TitleScene.cpp' をコンパイルしています)
  
D:\Github\Cpp_SDL\Scene\MainScene.h(1,1): warning C4828: オフセット 0x5e7 から始まる、現在のソースの文字セット (コードページ 65001) では使用できない文字がファイルに含まれています。
  (ソース ファイル 'Scene/Game/Title/TitleScene.cpp' をコンパイルしています)
  
D:\Github\Cpp_SDL\Scene\MainScene.h(1,1): warning C4828: オフセット 0x5e8 から始まる、現在のソースの文字セット (コードページ 65001) では使用できない文字がファイルに含まれています。
  (ソース ファイル 'Scene/Game/Title/TitleScene.cpp' をコンパイルしています)
  
D:\Github\Cpp_SDL\Scene\MainScene.h(1,1): warning C4828: オフセット 0x619 から始まる、現在のソースの文字セット (コードページ 65001) では使用できない文字がファイルに含まれています。
  (ソース ファイル 'Scene/Game/Title/TitleScene.cpp' をコンパイルしています)
  
D:\Github\Cpp_SDL\Scene\MainScene.h(1,1): warning C4828: オフセット 0x61b から始まる、現在のソースの文字セット (コードページ 65001) では使用できない文字がファイルに含まれています。
  (ソース ファイル 'Scene/Game/Title/TitleScene.cpp' をコンパイルしています)
  
D:\Github\Cpp_SDL\Scene\MainScene.h(1,1): warning C4828: オフセット 0x61d から始まる、現在のソースの文字セット (コードページ 65001) では使用できない文字がファイルに含まれています。
  (ソース ファイル 'Scene/Game/Title/TitleScene.cpp' をコンパイルしています)
  
D:\Github\Cpp_SDL\Scene\MainScene.h(1,1): warning C4828: オフセット 0x61f から始まる、現在のソースの文字セット (コードページ 65001) では使用できない文字がファイルに含まれています。
  (ソース ファイル 'Scene/Game/Title/TitleScene.cpp' をコンパイルしています)
  
D:\Github\Cpp_SDL\Scene\MainScene.h(1,1): warning C4828: オフセット 0x622 から始まる、現在のソースの文字セット (コードページ 65001) では使用できない文字がファイルに含まれています。
  (ソース ファイル 'Scene/Game/Title/TitleScene.cpp' をコンパイルしています)
  
D:\Github\Cpp_SDL\Utilities\Math.h(69,14): warning C4244: 'return': 'double' から 'float' への変換です。データが失われる可能性があります。
  (ソース ファイル 'Scene/Game/Title/TitleScene.cpp' をコンパイルしています)
  
D:\Github\Cpp_SDL\Utilities\Math.h(114,15): warning C4244: 'return': 'double' から 'float' への変換です。データが失われる可能性があります。
  (ソース ファイル 'Scene/Game/Title/TitleScene.cpp' をコンパイルしています)
  
D:\Github\Cpp_SDL\Utilities\Math.h(411,29): warning C4244: '引数': 'int' から 'float' への変換です。データが失われる可能性があります。
  (ソース ファイル 'Scene/Game/Title/TitleScene.cpp' をコンパイルしています)
  
  PauseMenu.cpp
D:\Github\Cpp_SDL\Utilities\Math.h(69,14): warning C4244: 'return': 'double' から 'float' への変換です。データが失われる可能性があります。
  (ソース ファイル 'Scene/UI/PauseMenu.cpp' をコンパイルしています)
  
D:\Github\Cpp_SDL\Utilities\Math.h(114,15): warning C4244: 'return': 'double' から 'float' への変換です。データが失われる可能性があります。
  (ソース ファイル 'Scene/UI/PauseMenu.cpp' をコンパイルしています)
  
D:\Github\Cpp_SDL\Utilities\Math.h(411,29): warning C4244: '引数': 'int' から 'float' への変換です。データが失われる可能性があります。
  (ソース ファイル 'Scene/UI/PauseMenu.cpp' をコンパイルしています)
  
D:\Github\Cpp_SDL\Scene\MainScene.h(1,1): warning C4828: オフセット 0x5d9 から始まる、現在のソースの文字セット (コードページ 65001) では使用できない文字がファイルに含まれています。
  (ソース ファイル 'Scene/UI/PauseMenu.cpp' をコンパイルしています)
  
D:\Github\Cpp_SDL\Scene\MainScene.h(1,1): warning C4828: オフセット 0x5db から始まる、現在のソースの文字セット (コードページ 65001) では使用できない文字がファイルに含まれています。
  (ソース ファイル 'Scene/UI/PauseMenu.cpp' をコンパイルしています)
  
D:\Github\Cpp_SDL\Scene\MainScene.h(1,1): warning C4828: オフセット 0x5dd から始まる、現在のソースの文字セット (コードページ 65001) では使用できない文字がファイルに含まれています。
  (ソース ファイル 'Scene/UI/PauseMenu.cpp' をコンパイルしています)
  
D:\Github\Cpp_SDL\Scene\MainScene.h(1,1): warning C4828: オフセット 0x5df から始まる、現在のソースの文字セット (コードページ 65001) では使用できない文字がファイルに含まれています。
  (ソース ファイル 'Scene/UI/PauseMenu.cpp' をコンパイルしています)
  
D:\Github\Cpp_SDL\Scene\MainScene.h(1,1): warning C4828: オフセット 0x5e6 から始まる、現在のソースの文字セット (コードページ 65001) では使用できない文字がファイルに含まれています。
  (ソース ファイル 'Scene/UI/PauseMenu.cpp' をコンパイルしています)
  
D:\Github\Cpp_SDL\Scene\MainScene.h(1,1): warning C4828: オフセット 0x5e7 から始まる、現在のソースの文字セット (コードページ 65001) では使用できない文字がファイルに含まれています。
  (ソース ファイル 'Scene/UI/PauseMenu.cpp' をコンパイルしています)
  
D:\Github\Cpp_SDL\Scene\MainScene.h(1,1): warning C4828: オフセット 0x5e8 から始まる、現在のソースの文字セット (コードページ 65001) では使用できない文字がファイルに含まれています。
  (ソース ファイル 'Scene/UI/PauseMenu.cpp' をコンパイルしています)
  
D:\Github\Cpp_SDL\Scene\MainScene.h(1,1): warning C4828: オフセット 0x619 から始まる、現在のソースの文字セット (コードページ 65001) では使用できない文字がファイルに含まれています。
  (ソース ファイル 'Scene/UI/PauseMenu.cpp' をコンパイルしています)
  
D:\Github\Cpp_SDL\Scene\MainScene.h(1,1): warning C4828: オフセット 0x61b から始まる、現在のソースの文字セット (コードページ 65001) では使用できない文字がファイルに含まれています。
  (ソース ファイル 'Scene/UI/PauseMenu.cpp' をコンパイルしています)
  
D:\Github\Cpp_SDL\Scene\MainScene.h(1,1): warning C4828: オフセット 0x61d から始まる、現在のソースの文字セット (コードページ 65001) では使用できない文字がファイルに含まれています。
  (ソース ファイル 'Scene/UI/PauseMenu.cpp' をコンパイルしています)
  
D:\Github\Cpp_SDL\Scene\MainScene.h(1,1): warning C4828: オフセット 0x61f から始まる、現在のソースの文字セット (コードページ 65001) では使用できない文字がファイルに含まれています。
  (ソース ファイル 'Scene/UI/PauseMenu.cpp' をコンパイルしています)
  
D:\Github\Cpp_SDL\Scene\MainScene.h(1,1): warning C4828: オフセット 0x622 から始まる、現在のソースの文字セット (コードページ 65001) では使用できない文字がファイルに含まれています。
  (ソース ファイル 'Scene/UI/PauseMenu.cpp' をコンパイルしています)
  
  PlaySubScene.cpp
D:\Github\Cpp_SDL\Utilities\Math.h(69,14): warning C4244: 'return': 'double' から 'float' への変換です。データが失われる可能性があります。
  (ソース ファイル 'Scene/Game/Title/PlaySubScene.cpp' をコンパイルしています)
  
D:\Github\Cpp_SDL\Utilities\Math.h(114,15): warning C4244: 'return': 'double' から 'float' への変換です。データが失われる可能性があります。
  (ソース ファイル 'Scene/Game/Title/PlaySubScene.cpp' をコンパイルしています)
  
D:\Github\Cpp_SDL\Utilities\Math.h(411,29): warning C4244: '引数': 'int' から 'float' への変換です。データが失われる可能性があります。
  (ソース ファイル 'Scene/Game/Title/PlaySubScene.cpp' をコンパイルしています)
  
D:\Github\Cpp_SDL\Scene\MainScene.h(1,1): warning C4828: オフセット 0x5d9 から始まる、現在のソースの文字セット (コードページ 65001) では使用できない文字がファイルに含まれています。
  (ソース ファイル 'Scene/Game/Title/PlaySubScene.cpp' をコンパイルしています)
  
D:\Github\Cpp_SDL\Scene\MainScene.h(1,1): warning C4828: オフセット 0x5db から始まる、現在のソースの文字セット (コードページ 65001) では使用できない文字がファイルに含まれています。
  (ソース ファイル 'Scene/Game/Title/PlaySubScene.cpp' をコンパイルしています)
  
D:\Github\Cpp_SDL\Scene\MainScene.h(1,1): warning C4828: オフセット 0x5dd から始まる、現在のソースの文字セット (コードページ 65001) では使用できない文字がファイルに含まれています。
  (ソース ファイル 'Scene/Game/Title/PlaySubScene.cpp' をコンパイルしています)
  
D:\Github\Cpp_SDL\Scene\MainScene.h(1,1): warning C4828: オフセット 0x5df から始まる、現在のソースの文字セット (コードページ 65001) では使用できない文字がファイルに含まれています。
  (ソース ファイル 'Scene/Game/Title/PlaySubScene.cpp' をコンパイルしています)
  
D:\Github\Cpp_SDL\Scene\MainScene.h(1,1): warning C4828: オフセット 0x5e6 から始まる、現在のソースの文字セット (コードページ 65001) では使用できない文字がファイルに含まれています。
  (ソース ファイル 'Scene/Game/Title/PlaySubScene.cpp' をコンパイルしています)
  
D:\Github\Cpp_SDL\Scene\MainScene.h(1,1): warning C4828: オフセット 0x5e7 から始まる、現在のソースの文字セット (コードページ 65001) では使用できない文字がファイルに含まれています。
  (ソース ファイル 'Scene/Game/Title/PlaySubScene.cpp' をコンパイルしています)
  
D:\Github\Cpp_SDL\Scene\MainScene.h(1,1): warning C4828: オフセット 0x5e8 から始まる、現在のソースの文字セット (コードページ 65001) では使用できない文字がファイルに含まれています。
  (ソース ファイル 'Scene/Game/Title/PlaySubScene.cpp' をコンパイルしています)
  
D:\Github\Cpp_SDL\Scene\MainScene.h(1,1): warning C4828: オフセット 0x619 から始まる、現在のソースの文字セット (コードページ 65001) では使用できない文字がファイルに含まれています。
  (ソース ファイル 'Scene/Game/Title/PlaySubScene.cpp' をコンパイルしています)
  
D:\Github\Cpp_SDL\Scene\MainScene.h(1,1): warning C4828: オフセット 0x61b から始まる、現在のソースの文字セット (コードページ 65001) では使用できない文字がファイルに含まれています。
  (ソース ファイル 'Scene/Game/Title/PlaySubScene.cpp' をコンパイルしています)
  
D:\Github\Cpp_SDL\Scene\MainScene.h(1,1): warning C4828: オフセット 0x61d から始まる、現在のソースの文字セット (コードページ 65001) では使用できない文字がファイルに含まれています。
  (ソース ファイル 'Scene/Game/Title/PlaySubScene.cpp' をコンパイルしています)
  
D:\Github\Cpp_SDL\Scene\MainScene.h(1,1): warning C4828: オフセット 0x61f から始まる、現在のソースの文字セット (コードページ 65001) では使用できない文字がファイルに含まれています。
  (ソース ファイル 'Scene/Game/Title/PlaySubScene.cpp' をコンパイルしています)
  
D:\Github\Cpp_SDL\Scene\MainScene.h(1,1): warning C4828: オフセット 0x622 から始まる、現在のソースの文字セット (コードページ 65001) では使用できない文字がファイルに含まれています。
  (ソース ファイル 'Scene/Game/Title/PlaySubScene.cpp' をコンパイルしています)
  
  UIScene.cpp
D:\Github\Cpp_SDL\Utilities\Math.h(69,14): warning C4244: 'return': 'double' から 'float' への変換です。データが失われる可能性があります。
  (ソース ファイル 'Scene/UI/UIScene.cpp' をコンパイルしています)
  
D:\Github\Cpp_SDL\Utilities\Math.h(114,15): warning C4244: 'return': 'double' から 'float' への変換です。データが失われる可能性があります。
  (ソース ファイル 'Scene/UI/UIScene.cpp' をコンパイルしています)
  
D:\Github\Cpp_SDL\Utilities\Math.h(411,29): warning C4244: '引数': 'int' から 'float' への変換です。データが失われる可能性があります。
  (ソース ファイル 'Scene/UI/UIScene.cpp' をコンパイルしています)
  
D:\Github\Cpp_SDL\Scene\MainScene.h(1,1): warning C4828: オフセット 0x5d9 から始まる、現在のソースの文字セット (コードページ 65001) では使用できない文字がファイルに含まれています。
  (ソース ファイル 'Scene/UI/UIScene.cpp' をコンパイルしています)
  
D:\Github\Cpp_SDL\Scene\MainScene.h(1,1): warning C4828: オフセット 0x5db から始まる、現在のソースの文字セット (コードページ 65001) では使用できない文字がファイルに含まれています。
  (ソース ファイル 'Scene/UI/UIScene.cpp' をコンパイルしています)
  
D:\Github\Cpp_SDL\Scene\MainScene.h(1,1): warning C4828: オフセット 0x5dd から始まる、現在のソースの文字セット (コードページ 65001) では使用できない文字がファイルに含まれています。
  (ソース ファイル 'Scene/UI/UIScene.cpp' をコンパイルしています)
  
D:\Github\Cpp_SDL\Scene\MainScene.h(1,1): warning C4828: オフセット 0x5df から始まる、現在のソースの文字セット (コードページ 65001) では使用できない文字がファイルに含まれています。
  (ソース ファイル 'Scene/UI/UIScene.cpp' をコンパイルしています)
  
D:\Github\Cpp_SDL\Scene\MainScene.h(1,1): warning C4828: オフセット 0x5e6 から始まる、現在のソースの文字セット (コードページ 65001) では使用できない文字がファイルに含まれています。
  (ソース ファイル 'Scene/UI/UIScene.cpp' をコンパイルしています)
  
D:\Github\Cpp_SDL\Scene\MainScene.h(1,1): warning C4828: オフセット 0x5e7 から始まる、現在のソースの文字セット (コードページ 65001) では使用できない文字がファイルに含まれています。
  (ソース ファイル 'Scene/UI/UIScene.cpp' をコンパイルしています)
  
D:\Github\Cpp_SDL\Scene\MainScene.h(1,1): warning C4828: オフセット 0x5e8 から始まる、現在のソースの文字セット (コードページ 65001) では使用できない文字がファイルに含まれています。
  (ソース ファイル 'Scene/UI/UIScene.cpp' をコンパイルしています)
  
D:\Github\Cpp_SDL\Scene\MainScene.h(1,1): warning C4828: オフセット 0x619 から始まる、現在のソースの文字セット (コードページ 65001) では使用できない文字がファイルに含まれています。
  (ソース ファイル 'Scene/UI/UIScene.cpp' をコンパイルしています)
  
D:\Github\Cpp_SDL\Scene\MainScene.h(1,1): warning C4828: オフセット 0x61b から始まる、現在のソースの文字セット (コードページ 65001) では使用できない文字がファイルに含まれています。
  (ソース ファイル 'Scene/UI/UIScene.cpp' をコンパイルしています)
  
D:\Github\Cpp_SDL\Scene\MainScene.h(1,1): warning C4828: オフセット 0x61d から始まる、現在のソースの文字セット (コードページ 65001) では使用できない文字がファイルに含まれています。
  (ソース ファイル 'Scene/UI/UIScene.cpp' をコンパイルしています)
  
D:\Github\Cpp_SDL\Scene\MainScene.h(1,1): warning C4828: オフセット 0x61f から始まる、現在のソースの文字セット (コードページ 65001) では使用できない文字がファイルに含まれています。
  (ソース ファイル 'Scene/UI/UIScene.cpp' をコンパイルしています)
  
D:\Github\Cpp_SDL\Scene\MainScene.h(1,1): warning C4828: オフセット 0x622 から始まる、現在のソースの文字セット (コードページ 65001) では使用できない文字がファイルに含まれています。
  (ソース ファイル 'Scene/UI/UIScene.cpp' をコンパイルしています)
  
  Cpp_SDL.vcxproj -> D:\Github\Cpp_SDL\x64\Debug\Cpp_SDL.exe
  'pwsh.exe' は、内部コマンドまたは外部コマンド、
  操作可能なプログラムまたはバッチ ファイルとして認識されていません。
